Namespace(PDB='PDBs/P00934-1VB3_A.pdb', GLN_threshold=None, Calpha=None, topoly_density=None)
pdb_dir: PDBs/P00934-1VB3_A.pdb
g_threshold: 0.6
density: 0
Calpha: False
COMPUTING ENTANGLEMENTS FOR [4mP00934-1VB3_A[0m
Checking for disulfide bonds
disulfide_bonds: []
Number of ENTs found: 87
WRITING: unmapped_GE/P00934-1VB3_A_GE.txt
(21, 197, 0.284502440315319, 0.7781606995033318)
(23, 194, 0.318540375598219, 0.8813440897508256)
(23, 197, 0.304435024922721, 0.8733114343789031)
(26, 198, 0.3501831791776049, 0.9566914757446144)
(27, 194, 0.4577475642169791, 0.941578767803029)
(27, 195, 0.4439590902036256, 0.9583341986411803)
(27, 198, 0.43229865215435886, 0.9691942257385308)
(90, 358, 0.2712547735799103, 0.7486357620887001)
(90, 362, 0.29267601823005457, 0.8040855757717694)
(92, 362, 0.19065784432272184, 0.8023902112523962)
(93, 358, 0.15035882304333328, 0.7731921318777043)
(93, 361, 0.17787200738454984, 0.740731392365685)
(93, 362, 0.18141473805806357, 0.8000893764553835)
(141, 211, 0.8260574997878193, 0.13934018844252227)
(145, 211, 0.7063847261692098, 0.23619342556023987)
(164, 384, 1.0335956769405967, 0.2479980531221189)
(165, 380, 1.0865711342066156, 0.1387603492204967)
(165, 381, 1.0751728390780133, 0.1144255322286875)
(165, 383, 1.0819280882430662, 0.23515053155100127)
(165, 396, 1.1016079209508363, 0.07250821978337177)
(165, 400, 1.095761974471981, 0.08765751612266975)
(165, 404, 1.111112757289563, 0.22181890095092346)
(166, 299, 0.9780883090244105, 0.5778483572446986)
(166, 381, 1.0511691009556028, 0.1801824116415899)
(166, 382, 1.0492590817014609, 0.21890567870691355)
(167, 408, 1.0766237342334486, 0.02976705296141953)
(167, 410, 1.0783818160879186, 0.01086977023592391)
(168, 403, 1.0563140638616013, 0.2065703529632049)
(168, 404, 1.065585585569604, 0.22946421295434488)
(168, 406, 1.0763179220078412, 0.10685928810596652)
(168, 408, 1.0699642940408771, 0.032613826457955956)
(169, 381, 1.0795947701166015, 0.262551131404748)
(169, 399, 1.0876235349217656, 0.14258145969713135)
(169, 400, 1.0839529714784497, 0.15151650471693037)
(169, 403, 1.1019596077665674, 0.2167336861393985)
(171, 407, 1.0172021995400844, 0.04285898630648074)
(171, 408, 0.9892995279970173, 0.036410654282933476)
(171, 409, 0.9855486478707586, -0.010729205343706246)
(171, 410, 0.9796594679454244, 0.012437987552022306)
(172, 403, 0.9593221777124096, 0.23490665421891566)
(172, 406, 0.9607560244952316, 0.12007582682431862)
(172, 407, 0.9626029640810002, 0.044867143686854696)
(172, 408, 0.9356408768064959, 0.0391700833355568)
(172, 409, 0.9347816713982975, -0.008375829110320492)
(173, 403, 0.9774967027673525, 0.2465344207519788)
(173, 409, 0.9235536648152356, -0.014144117130735323)
(174, 409, 0.8013979535079295, -0.01180785766935137)
(178, 411, 0.6890289761190628, -0.02526927370729642)
(178, 427, 0.6694486857784738, 0)
(179, 409, 0.609614866333372, -0.0013561662238633552)
(179, 411, 0.6290981454701299, -0.015946214307718747)
(185, 293, 0.34584435882576037, 0.8610243145811954)
(187, 293, 0.3556456026040417, 0.8604544097210728)
(192, 415, 0.8820813264199631, -0.03547911389438738)
(192, 416, 0.8594502138099501, 0.01871765959735356)
(192, 417, 0.8801394329268238, 0)
(192, 420, 0.8354147724325566, 0)
(195, 417, 0.8974254224883808, 0)
(196, 417, 0.9204741204983802, 0)
(199, 417, 0.9747875124075288, 0)
(199, 421, 0.9638237620100542, 0)
(201, 421, 0.9541383826356059, 0)
(202, 417, 1.0220253785957323, 0)
(202, 421, 1.021722294324744, 0)
(202, 425, 0.9920502178425934, 0)
(205, 425, 1.0428353198373292, 0)
(206, 424, 1.0195463442665245, 0)
(206, 425, 1.01044953554674, 0)
(206, 428, 0.9911530366516847, 0)
(252, 374, 1.044105219827384, 0.00981732921703828)
(252, 376, 1.043723127970752, 0.03454389216471581)
(296, 333, 0.8795829205905027, -0.05212129997167866)
(297, 333, 0.9097706471319464, -0.07912659571971332)
(297, 336, 0.9142761623580579, -0.08215709214279054)
(297, 337, 0.9118644375652342, -0.050142691073268575)
(297, 352, 0.9797105411744099, -0.13883735490775226)
(297, 353, 1.0317441788455404, -0.19193590562438498)
(297, 385, 0.9900255166612415, 0.16574656867850518)
(297, 389, 0.9740451940060306, 0.08055467008544796)
(298, 352, 0.9069069127764265, -0.10668795909993355)
(298, 353, 0.9603969946101204, -0.15540194962370674)
(298, 356, 0.8657114513245762, -0.06365702170704844)
(299, 353, 0.9103982332043008, -0.10935421043638709)
(299, 382, 0.9238328527820728, 0.15247212017503475)
(300, 353, 0.8222032802429353, -0.05824952031024125)
(301, 353, 0.8035612523753373, -0.06993837472288716)
(301, 356, 0.6967963616834357, 0.01854897232410015)
NORMAL TERMINATION
