0 P0A6B4_4WR3_A P0A6B4 4WR3 A
../Rebuild_AllAtom_structures/data/domains/P0A6B4_4WR3_A.txt
../../../../git_slugs/Failure-to-Form_Native_Entanglements_slug/Simulations_of_Native_Entanglement_Misfolding/Rebuild_AllAtom_structures/PDBs/P0A6B4_4WR3_A_rebuilt.pdb
Finished: P0A6B4 4WR3 A
highest_numbered_folder: round_5
highest_folder_path: ../../../../git_slugs/Failure-to-Form_Native_Entanglements_slug/Simulations_of_Native_Entanglement_Misfolding/Coarse_Graining_Model/P0A6B4_4WR3_A/round_5/setup/
Copied ../../../../git_slugs/Failure-to-Form_Native_Entanglements_slug/Simulations_of_Native_Entanglement_Misfolding/Coarse_Graining_Model/P0A6B4_4WR3_A/round_5/setup/P0A6B4_4WR3_A_rebuilt_clean_ca.cor to ../../../../git_slugs/Failure-to-Form_Native_Entanglements_slug/Simulations_of_Native_Entanglement_Misfolding/Temp_Quench_Dynamics/P0A6B4_4WR3_A/setup/
Copied ../../../../git_slugs/Failure-to-Form_Native_Entanglements_slug/Simulations_of_Native_Entanglement_Misfolding/Coarse_Graining_Model/P0A6B4_4WR3_A/round_5/setup/P0A6B4_4WR3_A_rebuilt_clean_ca.psf to ../../../../git_slugs/Failure-to-Form_Native_Entanglements_slug/Simulations_of_Native_Entanglement_Misfolding/Temp_Quench_Dynamics/P0A6B4_4WR3_A/setup/
Copied ../../../../git_slugs/Failure-to-Form_Native_Entanglements_slug/Simulations_of_Native_Entanglement_Misfolding/Coarse_Graining_Model/P0A6B4_4WR3_A/round_5/setup/P0A6B4_4WR3_A_rebuilt_clean_ca.top to ../../../../git_slugs/Failure-to-Form_Native_Entanglements_slug/Simulations_of_Native_Entanglement_Misfolding/Temp_Quench_Dynamics/P0A6B4_4WR3_A/setup/
Copied ../../../../git_slugs/Failure-to-Form_Native_Entanglements_slug/Simulations_of_Native_Entanglement_Misfolding/Coarse_Graining_Model/P0A6B4_4WR3_A/round_5/setup/P0A6B4_4WR3_A_rebuilt_clean_nscal1_fnn1_go_bt.prm to ../../../../git_slugs/Failure-to-Form_Native_Entanglements_slug/Simulations_of_Native_Entanglement_Misfolding/Temp_Quench_Dynamics/P0A6B4_4WR3_A/setup/
Copied ../../../../git_slugs/Failure-to-Form_Native_Entanglements_slug/Simulations_of_Native_Entanglement_Misfolding/Coarse_Graining_Model/P0A6B4_4WR3_A/round_5/setup/P0A6B4_4WR3_A_rebuilt_clean_nscal1_fnn1_go_bt.xml to ../../../../git_slugs/Failure-to-Form_Native_Entanglements_slug/Simulations_of_Native_Entanglement_Misfolding/Temp_Quench_Dynamics/P0A6B4_4WR3_A/setup/
Copied ../../../../git_slugs/Failure-to-Form_Native_Entanglements_slug/Simulations_of_Native_Entanglement_Misfolding/Coarse_Graining_Model/P0A6B4_4WR3_A/setup/secondary_struc_defs.txt to ../../../../git_slugs/Failure-to-Form_Native_Entanglements_slug/Simulations_of_Native_Entanglement_Misfolding/Temp_Quench_Dynamics/P0A6B4_4WR3_A/setup/
0 P0A6B4 4WR3 A Finished: True  Domain 1: nscal = 1.4732
 Domain 2: nscal = 1.1556
 Interface 1|2: nscal = 2.5044
1 P0A6E6_1AQT_A P0A6E6 1AQT A
../Rebuild_AllAtom_structures/data/domains/P0A6E6_1AQT_A.txt
../../../../git_slugs/Failure-to-Form_Native_Entanglements_slug/Simulations_of_Native_Entanglement_Misfolding/Rebuild_AllAtom_structures/PDBs/P0A6E6_1AQT_A_rebuilt.pdb
Finished: P0A6E6 1AQT A
highest_numbered_folder: round_6
highest_folder_path: ../../../../git_slugs/Failure-to-Form_Native_Entanglements_slug/Simulations_of_Native_Entanglement_Misfolding/Coarse_Graining_Model/P0A6E6_1AQT_A/round_6/setup/
Copied ../../../../git_slugs/Failure-to-Form_Native_Entanglements_slug/Simulations_of_Native_Entanglement_Misfolding/Coarse_Graining_Model/P0A6E6_1AQT_A/round_6/setup/P0A6E6_1AQT_A_rebuilt_clean_ca.cor to ../../../../git_slugs/Failure-to-Form_Native_Entanglements_slug/Simulations_of_Native_Entanglement_Misfolding/Temp_Quench_Dynamics/P0A6E6_1AQT_A/setup/
Copied ../../../../git_slugs/Failure-to-Form_Native_Entanglements_slug/Simulations_of_Native_Entanglement_Misfolding/Coarse_Graining_Model/P0A6E6_1AQT_A/round_6/setup/P0A6E6_1AQT_A_rebuilt_clean_ca.psf to ../../../../git_slugs/Failure-to-Form_Native_Entanglements_slug/Simulations_of_Native_Entanglement_Misfolding/Temp_Quench_Dynamics/P0A6E6_1AQT_A/setup/
Copied ../../../../git_slugs/Failure-to-Form_Native_Entanglements_slug/Simulations_of_Native_Entanglement_Misfolding/Coarse_Graining_Model/P0A6E6_1AQT_A/round_6/setup/P0A6E6_1AQT_A_rebuilt_clean_ca.top to ../../../../git_slugs/Failure-to-Form_Native_Entanglements_slug/Simulations_of_Native_Entanglement_Misfolding/Temp_Quench_Dynamics/P0A6E6_1AQT_A/setup/
Copied ../../../../git_slugs/Failure-to-Form_Native_Entanglements_slug/Simulations_of_Native_Entanglement_Misfolding/Coarse_Graining_Model/P0A6E6_1AQT_A/round_6/setup/P0A6E6_1AQT_A_rebuilt_clean_nscal1_fnn1_go_bt.prm to ../../../../git_slugs/Failure-to-Form_Native_Entanglements_slug/Simulations_of_Native_Entanglement_Misfolding/Temp_Quench_Dynamics/P0A6E6_1AQT_A/setup/
Copied ../../../../git_slugs/Failure-to-Form_Native_Entanglements_slug/Simulations_of_Native_Entanglement_Misfolding/Coarse_Graining_Model/P0A6E6_1AQT_A/round_6/setup/P0A6E6_1AQT_A_rebuilt_clean_nscal1_fnn1_go_bt.xml to ../../../../git_slugs/Failure-to-Form_Native_Entanglements_slug/Simulations_of_Native_Entanglement_Misfolding/Temp_Quench_Dynamics/P0A6E6_1AQT_A/setup/
Copied ../../../../git_slugs/Failure-to-Form_Native_Entanglements_slug/Simulations_of_Native_Entanglement_Misfolding/Coarse_Graining_Model/P0A6E6_1AQT_A/setup/secondary_struc_defs.txt to ../../../../git_slugs/Failure-to-Form_Native_Entanglements_slug/Simulations_of_Native_Entanglement_Misfolding/Temp_Quench_Dynamics/P0A6E6_1AQT_A/setup/
1 P0A6E6 1AQT A Finished: True  Domain 1: nscal = 1.8120
 Domain 2: nscal = 1.4704
 Interface 1|2: nscal = 1.8611
2 P0A6I0_1KDO_A P0A6I0 1KDO A
../Rebuild_AllAtom_structures/data/domains/P0A6I0_1KDO_A.txt
../../../../git_slugs/Failure-to-Form_Native_Entanglements_slug/Simulations_of_Native_Entanglement_Misfolding/Rebuild_AllAtom_structures/PDBs/P0A6I0_1KDO_A_rebuilt.pdb
Finished: P0A6I0 1KDO A
highest_numbered_folder: round_1
highest_folder_path: ../../../../git_slugs/Failure-to-Form_Native_Entanglements_slug/Simulations_of_Native_Entanglement_Misfolding/Coarse_Graining_Model/P0A6I0_1KDO_A/round_1/setup/
Copied ../../../../git_slugs/Failure-to-Form_Native_Entanglements_slug/Simulations_of_Native_Entanglement_Misfolding/Coarse_Graining_Model/P0A6I0_1KDO_A/round_1/setup/P0A6I0_1KDO_A_rebuilt_clean_ca.cor to ../../../../git_slugs/Failure-to-Form_Native_Entanglements_slug/Simulations_of_Native_Entanglement_Misfolding/Temp_Quench_Dynamics/P0A6I0_1KDO_A/setup/
Copied ../../../../git_slugs/Failure-to-Form_Native_Entanglements_slug/Simulations_of_Native_Entanglement_Misfolding/Coarse_Graining_Model/P0A6I0_1KDO_A/round_1/setup/P0A6I0_1KDO_A_rebuilt_clean_ca.psf to ../../../../git_slugs/Failure-to-Form_Native_Entanglements_slug/Simulations_of_Native_Entanglement_Misfolding/Temp_Quench_Dynamics/P0A6I0_1KDO_A/setup/
Copied ../../../../git_slugs/Failure-to-Form_Native_Entanglements_slug/Simulations_of_Native_Entanglement_Misfolding/Coarse_Graining_Model/P0A6I0_1KDO_A/round_1/setup/P0A6I0_1KDO_A_rebuilt_clean_ca.top to ../../../../git_slugs/Failure-to-Form_Native_Entanglements_slug/Simulations_of_Native_Entanglement_Misfolding/Temp_Quench_Dynamics/P0A6I0_1KDO_A/setup/
Copied ../../../../git_slugs/Failure-to-Form_Native_Entanglements_slug/Simulations_of_Native_Entanglement_Misfolding/Coarse_Graining_Model/P0A6I0_1KDO_A/round_1/setup/P0A6I0_1KDO_A_rebuilt_clean_nscal1_fnn1_go_bt.prm to ../../../../git_slugs/Failure-to-Form_Native_Entanglements_slug/Simulations_of_Native_Entanglement_Misfolding/Temp_Quench_Dynamics/P0A6I0_1KDO_A/setup/
Copied ../../../../git_slugs/Failure-to-Form_Native_Entanglements_slug/Simulations_of_Native_Entanglement_Misfolding/Coarse_Graining_Model/P0A6I0_1KDO_A/round_1/setup/P0A6I0_1KDO_A_rebuilt_clean_nscal1_fnn1_go_bt.xml to ../../../../git_slugs/Failure-to-Form_Native_Entanglements_slug/Simulations_of_Native_Entanglement_Misfolding/Temp_Quench_Dynamics/P0A6I0_1KDO_A/setup/
Copied ../../../../git_slugs/Failure-to-Form_Native_Entanglements_slug/Simulations_of_Native_Entanglement_Misfolding/Coarse_Graining_Model/P0A6I0_1KDO_A/setup/secondary_struc_defs.txt to ../../../../git_slugs/Failure-to-Form_Native_Entanglements_slug/Simulations_of_Native_Entanglement_Misfolding/Temp_Quench_Dynamics/P0A6I0_1KDO_A/setup/
2 P0A6I0 1KDO A Finished: True  Domain 1: nscal = 1.1556
3 P0A6L2_1DHP_A P0A6L2 1DHP A
../Rebuild_AllAtom_structures/data/domains/P0A6L2_1DHP_A.txt
../../../../git_slugs/Failure-to-Form_Native_Entanglements_slug/Simulations_of_Native_Entanglement_Misfolding/Rebuild_AllAtom_structures/PDBs/P0A6L2_1DHP_A_rebuilt.pdb
Finished: P0A6L2 1DHP A
highest_numbered_folder: round_1
highest_folder_path: ../../../../git_slugs/Failure-to-Form_Native_Entanglements_slug/Simulations_of_Native_Entanglement_Misfolding/Coarse_Graining_Model/P0A6L2_1DHP_A/round_1/setup/
Copied ../../../../git_slugs/Failure-to-Form_Native_Entanglements_slug/Simulations_of_Native_Entanglement_Misfolding/Coarse_Graining_Model/P0A6L2_1DHP_A/round_1/setup/P0A6L2_1DHP_A_rebuilt_clean_ca.cor to ../../../../git_slugs/Failure-to-Form_Native_Entanglements_slug/Simulations_of_Native_Entanglement_Misfolding/Temp_Quench_Dynamics/P0A6L2_1DHP_A/setup/
Copied ../../../../git_slugs/Failure-to-Form_Native_Entanglements_slug/Simulations_of_Native_Entanglement_Misfolding/Coarse_Graining_Model/P0A6L2_1DHP_A/round_1/setup/P0A6L2_1DHP_A_rebuilt_clean_ca.psf to ../../../../git_slugs/Failure-to-Form_Native_Entanglements_slug/Simulations_of_Native_Entanglement_Misfolding/Temp_Quench_Dynamics/P0A6L2_1DHP_A/setup/
Copied ../../../../git_slugs/Failure-to-Form_Native_Entanglements_slug/Simulations_of_Native_Entanglement_Misfolding/Coarse_Graining_Model/P0A6L2_1DHP_A/round_1/setup/P0A6L2_1DHP_A_rebuilt_clean_ca.top to ../../../../git_slugs/Failure-to-Form_Native_Entanglements_slug/Simulations_of_Native_Entanglement_Misfolding/Temp_Quench_Dynamics/P0A6L2_1DHP_A/setup/
Copied ../../../../git_slugs/Failure-to-Form_Native_Entanglements_slug/Simulations_of_Native_Entanglement_Misfolding/Coarse_Graining_Model/P0A6L2_1DHP_A/round_1/setup/P0A6L2_1DHP_A_rebuilt_clean_nscal1_fnn1_go_bt.prm to ../../../../git_slugs/Failure-to-Form_Native_Entanglements_slug/Simulations_of_Native_Entanglement_Misfolding/Temp_Quench_Dynamics/P0A6L2_1DHP_A/setup/
Copied ../../../../git_slugs/Failure-to-Form_Native_Entanglements_slug/Simulations_of_Native_Entanglement_Misfolding/Coarse_Graining_Model/P0A6L2_1DHP_A/round_1/setup/P0A6L2_1DHP_A_rebuilt_clean_nscal1_fnn1_go_bt.xml to ../../../../git_slugs/Failure-to-Form_Native_Entanglements_slug/Simulations_of_Native_Entanglement_Misfolding/Temp_Quench_Dynamics/P0A6L2_1DHP_A/setup/
Copied ../../../../git_slugs/Failure-to-Form_Native_Entanglements_slug/Simulations_of_Native_Entanglement_Misfolding/Coarse_Graining_Model/P0A6L2_1DHP_A/setup/secondary_struc_defs.txt to ../../../../git_slugs/Failure-to-Form_Native_Entanglements_slug/Simulations_of_Native_Entanglement_Misfolding/Temp_Quench_Dynamics/P0A6L2_1DHP_A/setup/
3 P0A6L2 1DHP A Finished: True  Domain 1: nscal = 1.1556
4 P0A6T9_3A7L_A P0A6T9 3A7L A
../Rebuild_AllAtom_structures/data/domains/P0A6T9_3A7L_A.txt
../../../../git_slugs/Failure-to-Form_Native_Entanglements_slug/Simulations_of_Native_Entanglement_Misfolding/Rebuild_AllAtom_structures/PDBs/P0A6T9_3A7L_A_rebuilt.pdb
Finished: P0A6T9 3A7L A
highest_numbered_folder: round_2
highest_folder_path: ../../../../git_slugs/Failure-to-Form_Native_Entanglements_slug/Simulations_of_Native_Entanglement_Misfolding/Coarse_Graining_Model/P0A6T9_3A7L_A/round_2/setup/
Copied ../../../../git_slugs/Failure-to-Form_Native_Entanglements_slug/Simulations_of_Native_Entanglement_Misfolding/Coarse_Graining_Model/P0A6T9_3A7L_A/round_2/setup/P0A6T9_3A7L_A_rebuilt_clean_ca.cor to ../../../../git_slugs/Failure-to-Form_Native_Entanglements_slug/Simulations_of_Native_Entanglement_Misfolding/Temp_Quench_Dynamics/P0A6T9_3A7L_A/setup/
Copied ../../../../git_slugs/Failure-to-Form_Native_Entanglements_slug/Simulations_of_Native_Entanglement_Misfolding/Coarse_Graining_Model/P0A6T9_3A7L_A/round_2/setup/P0A6T9_3A7L_A_rebuilt_clean_ca.psf to ../../../../git_slugs/Failure-to-Form_Native_Entanglements_slug/Simulations_of_Native_Entanglement_Misfolding/Temp_Quench_Dynamics/P0A6T9_3A7L_A/setup/
Copied ../../../../git_slugs/Failure-to-Form_Native_Entanglements_slug/Simulations_of_Native_Entanglement_Misfolding/Coarse_Graining_Model/P0A6T9_3A7L_A/round_2/setup/P0A6T9_3A7L_A_rebuilt_clean_ca.top to ../../../../git_slugs/Failure-to-Form_Native_Entanglements_slug/Simulations_of_Native_Entanglement_Misfolding/Temp_Quench_Dynamics/P0A6T9_3A7L_A/setup/
Copied ../../../../git_slugs/Failure-to-Form_Native_Entanglements_slug/Simulations_of_Native_Entanglement_Misfolding/Coarse_Graining_Model/P0A6T9_3A7L_A/round_2/setup/P0A6T9_3A7L_A_rebuilt_clean_nscal1_fnn1_go_bt.prm to ../../../../git_slugs/Failure-to-Form_Native_Entanglements_slug/Simulations_of_Native_Entanglement_Misfolding/Temp_Quench_Dynamics/P0A6T9_3A7L_A/setup/
Copied ../../../../git_slugs/Failure-to-Form_Native_Entanglements_slug/Simulations_of_Native_Entanglement_Misfolding/Coarse_Graining_Model/P0A6T9_3A7L_A/round_2/setup/P0A6T9_3A7L_A_rebuilt_clean_nscal1_fnn1_go_bt.xml to ../../../../git_slugs/Failure-to-Form_Native_Entanglements_slug/Simulations_of_Native_Entanglement_Misfolding/Temp_Quench_Dynamics/P0A6T9_3A7L_A/setup/
Copied ../../../../git_slugs/Failure-to-Form_Native_Entanglements_slug/Simulations_of_Native_Entanglement_Misfolding/Coarse_Graining_Model/P0A6T9_3A7L_A/setup/secondary_struc_defs.txt to ../../../../git_slugs/Failure-to-Form_Native_Entanglements_slug/Simulations_of_Native_Entanglement_Misfolding/Temp_Quench_Dynamics/P0A6T9_3A7L_A/setup/
4 P0A6T9 3A7L A Finished: True  Domain 1: nscal = 1.8120
5 P0A763_2HUR_C P0A763 2HUR C
../Rebuild_AllAtom_structures/data/domains/P0A763_2HUR_C.txt
../../../../git_slugs/Failure-to-Form_Native_Entanglements_slug/Simulations_of_Native_Entanglement_Misfolding/Rebuild_AllAtom_structures/PDBs/P0A763_2HUR_C_rebuilt.pdb
Finished: P0A763 2HUR C
highest_numbered_folder: round_1
highest_folder_path: ../../../../git_slugs/Failure-to-Form_Native_Entanglements_slug/Simulations_of_Native_Entanglement_Misfolding/Coarse_Graining_Model/P0A763_2HUR_C/round_1/setup/
Copied ../../../../git_slugs/Failure-to-Form_Native_Entanglements_slug/Simulations_of_Native_Entanglement_Misfolding/Coarse_Graining_Model/P0A763_2HUR_C/round_1/setup/P0A763_2HUR_C_rebuilt_clean_ca.cor to ../../../../git_slugs/Failure-to-Form_Native_Entanglements_slug/Simulations_of_Native_Entanglement_Misfolding/Temp_Quench_Dynamics/P0A763_2HUR_C/setup/
Copied ../../../../git_slugs/Failure-to-Form_Native_Entanglements_slug/Simulations_of_Native_Entanglement_Misfolding/Coarse_Graining_Model/P0A763_2HUR_C/round_1/setup/P0A763_2HUR_C_rebuilt_clean_ca.psf to ../../../../git_slugs/Failure-to-Form_Native_Entanglements_slug/Simulations_of_Native_Entanglement_Misfolding/Temp_Quench_Dynamics/P0A763_2HUR_C/setup/
Copied ../../../../git_slugs/Failure-to-Form_Native_Entanglements_slug/Simulations_of_Native_Entanglement_Misfolding/Coarse_Graining_Model/P0A763_2HUR_C/round_1/setup/P0A763_2HUR_C_rebuilt_clean_ca.top to ../../../../git_slugs/Failure-to-Form_Native_Entanglements_slug/Simulations_of_Native_Entanglement_Misfolding/Temp_Quench_Dynamics/P0A763_2HUR_C/setup/
Copied ../../../../git_slugs/Failure-to-Form_Native_Entanglements_slug/Simulations_of_Native_Entanglement_Misfolding/Coarse_Graining_Model/P0A763_2HUR_C/round_1/setup/P0A763_2HUR_C_rebuilt_clean_nscal1_fnn1_go_bt.prm to ../../../../git_slugs/Failure-to-Form_Native_Entanglements_slug/Simulations_of_Native_Entanglement_Misfolding/Temp_Quench_Dynamics/P0A763_2HUR_C/setup/
Copied ../../../../git_slugs/Failure-to-Form_Native_Entanglements_slug/Simulations_of_Native_Entanglement_Misfolding/Coarse_Graining_Model/P0A763_2HUR_C/round_1/setup/P0A763_2HUR_C_rebuilt_clean_nscal1_fnn1_go_bt.xml to ../../../../git_slugs/Failure-to-Form_Native_Entanglements_slug/Simulations_of_Native_Entanglement_Misfolding/Temp_Quench_Dynamics/P0A763_2HUR_C/setup/
Copied ../../../../git_slugs/Failure-to-Form_Native_Entanglements_slug/Simulations_of_Native_Entanglement_Misfolding/Coarse_Graining_Model/P0A763_2HUR_C/setup/secondary_struc_defs.txt to ../../../../git_slugs/Failure-to-Form_Native_Entanglements_slug/Simulations_of_Native_Entanglement_Misfolding/Temp_Quench_Dynamics/P0A763_2HUR_C/setup/
5 P0A763 2HUR C Finished: True  Domain 1: nscal = 1.1556
6 P0A790_4CRZ_A P0A790 4CRZ A
../Rebuild_AllAtom_structures/data/domains/P0A790_4CRZ_A.txt
../../../../git_slugs/Failure-to-Form_Native_Entanglements_slug/Simulations_of_Native_Entanglement_Misfolding/Rebuild_AllAtom_structures/PDBs/P0A790_4CRZ_A_rebuilt.pdb
Finished: P0A790 4CRZ A
highest_numbered_folder: round_2
highest_folder_path: ../../../../git_slugs/Failure-to-Form_Native_Entanglements_slug/Simulations_of_Native_Entanglement_Misfolding/Coarse_Graining_Model/P0A790_4CRZ_A/round_2/setup/
Copied ../../../../git_slugs/Failure-to-Form_Native_Entanglements_slug/Simulations_of_Native_Entanglement_Misfolding/Coarse_Graining_Model/P0A790_4CRZ_A/round_2/setup/P0A790_4CRZ_A_rebuilt_clean_ca.cor to ../../../../git_slugs/Failure-to-Form_Native_Entanglements_slug/Simulations_of_Native_Entanglement_Misfolding/Temp_Quench_Dynamics/P0A790_4CRZ_A/setup/
Copied ../../../../git_slugs/Failure-to-Form_Native_Entanglements_slug/Simulations_of_Native_Entanglement_Misfolding/Coarse_Graining_Model/P0A790_4CRZ_A/round_2/setup/P0A790_4CRZ_A_rebuilt_clean_ca.psf to ../../../../git_slugs/Failure-to-Form_Native_Entanglements_slug/Simulations_of_Native_Entanglement_Misfolding/Temp_Quench_Dynamics/P0A790_4CRZ_A/setup/
Copied ../../../../git_slugs/Failure-to-Form_Native_Entanglements_slug/Simulations_of_Native_Entanglement_Misfolding/Coarse_Graining_Model/P0A790_4CRZ_A/round_2/setup/P0A790_4CRZ_A_rebuilt_clean_ca.top to ../../../../git_slugs/Failure-to-Form_Native_Entanglements_slug/Simulations_of_Native_Entanglement_Misfolding/Temp_Quench_Dynamics/P0A790_4CRZ_A/setup/
Copied ../../../../git_slugs/Failure-to-Form_Native_Entanglements_slug/Simulations_of_Native_Entanglement_Misfolding/Coarse_Graining_Model/P0A790_4CRZ_A/round_2/setup/P0A790_4CRZ_A_rebuilt_clean_nscal1_fnn1_go_bt.prm to ../../../../git_slugs/Failure-to-Form_Native_Entanglements_slug/Simulations_of_Native_Entanglement_Misfolding/Temp_Quench_Dynamics/P0A790_4CRZ_A/setup/
Copied ../../../../git_slugs/Failure-to-Form_Native_Entanglements_slug/Simulations_of_Native_Entanglement_Misfolding/Coarse_Graining_Model/P0A790_4CRZ_A/round_2/setup/P0A790_4CRZ_A_rebuilt_clean_nscal1_fnn1_go_bt.xml to ../../../../git_slugs/Failure-to-Form_Native_Entanglements_slug/Simulations_of_Native_Entanglement_Misfolding/Temp_Quench_Dynamics/P0A790_4CRZ_A/setup/
Copied ../../../../git_slugs/Failure-to-Form_Native_Entanglements_slug/Simulations_of_Native_Entanglement_Misfolding/Coarse_Graining_Model/P0A790_4CRZ_A/setup/secondary_struc_defs.txt to ../../../../git_slugs/Failure-to-Form_Native_Entanglements_slug/Simulations_of_Native_Entanglement_Misfolding/Temp_Quench_Dynamics/P0A790_4CRZ_A/setup/
6 P0A790 4CRZ A Finished: True  Domain 1: nscal = 1.8120
7 P0A7J3_6XZ7_H P0A7J3 6XZ7 H
../Rebuild_AllAtom_structures/data/domains/P0A7J3_6XZ7_H.txt
../../../../git_slugs/Failure-to-Form_Native_Entanglements_slug/Simulations_of_Native_Entanglement_Misfolding/Rebuild_AllAtom_structures/PDBs/P0A7J3_6XZ7_H_rebuilt.pdb
Finished: P0A7J3 6XZ7 H
highest_numbered_folder: round_4
highest_folder_path: ../../../../git_slugs/Failure-to-Form_Native_Entanglements_slug/Simulations_of_Native_Entanglement_Misfolding/Coarse_Graining_Model/P0A7J3_6XZ7_H/round_4/setup/
Copied ../../../../git_slugs/Failure-to-Form_Native_Entanglements_slug/Simulations_of_Native_Entanglement_Misfolding/Coarse_Graining_Model/P0A7J3_6XZ7_H/round_4/setup/P0A7J3_6XZ7_H_rebuilt_clean_ca.cor to ../../../../git_slugs/Failure-to-Form_Native_Entanglements_slug/Simulations_of_Native_Entanglement_Misfolding/Temp_Quench_Dynamics/P0A7J3_6XZ7_H/setup/
Copied ../../../../git_slugs/Failure-to-Form_Native_Entanglements_slug/Simulations_of_Native_Entanglement_Misfolding/Coarse_Graining_Model/P0A7J3_6XZ7_H/round_4/setup/P0A7J3_6XZ7_H_rebuilt_clean_ca.psf to ../../../../git_slugs/Failure-to-Form_Native_Entanglements_slug/Simulations_of_Native_Entanglement_Misfolding/Temp_Quench_Dynamics/P0A7J3_6XZ7_H/setup/
Copied ../../../../git_slugs/Failure-to-Form_Native_Entanglements_slug/Simulations_of_Native_Entanglement_Misfolding/Coarse_Graining_Model/P0A7J3_6XZ7_H/round_4/setup/P0A7J3_6XZ7_H_rebuilt_clean_ca.top to ../../../../git_slugs/Failure-to-Form_Native_Entanglements_slug/Simulations_of_Native_Entanglement_Misfolding/Temp_Quench_Dynamics/P0A7J3_6XZ7_H/setup/
Copied ../../../../git_slugs/Failure-to-Form_Native_Entanglements_slug/Simulations_of_Native_Entanglement_Misfolding/Coarse_Graining_Model/P0A7J3_6XZ7_H/round_4/setup/P0A7J3_6XZ7_H_rebuilt_clean_nscal1_fnn1_go_bt.prm to ../../../../git_slugs/Failure-to-Form_Native_Entanglements_slug/Simulations_of_Native_Entanglement_Misfolding/Temp_Quench_Dynamics/P0A7J3_6XZ7_H/setup/
Copied ../../../../git_slugs/Failure-to-Form_Native_Entanglements_slug/Simulations_of_Native_Entanglement_Misfolding/Coarse_Graining_Model/P0A7J3_6XZ7_H/round_4/setup/P0A7J3_6XZ7_H_rebuilt_clean_nscal1_fnn1_go_bt.xml to ../../../../git_slugs/Failure-to-Form_Native_Entanglements_slug/Simulations_of_Native_Entanglement_Misfolding/Temp_Quench_Dynamics/P0A7J3_6XZ7_H/setup/
Copied ../../../../git_slugs/Failure-to-Form_Native_Entanglements_slug/Simulations_of_Native_Entanglement_Misfolding/Coarse_Graining_Model/P0A7J3_6XZ7_H/setup/secondary_struc_defs.txt to ../../../../git_slugs/Failure-to-Form_Native_Entanglements_slug/Simulations_of_Native_Entanglement_Misfolding/Temp_Quench_Dynamics/P0A7J3_6XZ7_H/setup/
7 P0A7J3 6XZ7 H Finished: True  Domain 1: nscal = 2.0322
8 P0A7N9_6XZ7_b P0A7N9 6XZ7 b
../Rebuild_AllAtom_structures/data/domains/P0A7N9_6XZ7_b.txt
../../../../git_slugs/Failure-to-Form_Native_Entanglements_slug/Simulations_of_Native_Entanglement_Misfolding/Rebuild_AllAtom_structures/PDBs/P0A7N9_6XZ7_b_rebuilt.pdb
Finished: P0A7N9 6XZ7 b
highest_numbered_folder: round_4
highest_folder_path: ../../../../git_slugs/Failure-to-Form_Native_Entanglements_slug/Simulations_of_Native_Entanglement_Misfolding/Coarse_Graining_Model/P0A7N9_6XZ7_b/round_4/setup/
Copied ../../../../git_slugs/Failure-to-Form_Native_Entanglements_slug/Simulations_of_Native_Entanglement_Misfolding/Coarse_Graining_Model/P0A7N9_6XZ7_b/round_4/setup/P0A7N9_6XZ7_b_rebuilt_clean_ca.cor to ../../../../git_slugs/Failure-to-Form_Native_Entanglements_slug/Simulations_of_Native_Entanglement_Misfolding/Temp_Quench_Dynamics/P0A7N9_6XZ7_b/setup/
Copied ../../../../git_slugs/Failure-to-Form_Native_Entanglements_slug/Simulations_of_Native_Entanglement_Misfolding/Coarse_Graining_Model/P0A7N9_6XZ7_b/round_4/setup/P0A7N9_6XZ7_b_rebuilt_clean_ca.psf to ../../../../git_slugs/Failure-to-Form_Native_Entanglements_slug/Simulations_of_Native_Entanglement_Misfolding/Temp_Quench_Dynamics/P0A7N9_6XZ7_b/setup/
Copied ../../../../git_slugs/Failure-to-Form_Native_Entanglements_slug/Simulations_of_Native_Entanglement_Misfolding/Coarse_Graining_Model/P0A7N9_6XZ7_b/round_4/setup/P0A7N9_6XZ7_b_rebuilt_clean_ca.top to ../../../../git_slugs/Failure-to-Form_Native_Entanglements_slug/Simulations_of_Native_Entanglement_Misfolding/Temp_Quench_Dynamics/P0A7N9_6XZ7_b/setup/
Copied ../../../../git_slugs/Failure-to-Form_Native_Entanglements_slug/Simulations_of_Native_Entanglement_Misfolding/Coarse_Graining_Model/P0A7N9_6XZ7_b/round_4/setup/P0A7N9_6XZ7_b_rebuilt_clean_nscal1_fnn1_go_bt.prm to ../../../../git_slugs/Failure-to-Form_Native_Entanglements_slug/Simulations_of_Native_Entanglement_Misfolding/Temp_Quench_Dynamics/P0A7N9_6XZ7_b/setup/
Copied ../../../../git_slugs/Failure-to-Form_Native_Entanglements_slug/Simulations_of_Native_Entanglement_Misfolding/Coarse_Graining_Model/P0A7N9_6XZ7_b/round_4/setup/P0A7N9_6XZ7_b_rebuilt_clean_nscal1_fnn1_go_bt.xml to ../../../../git_slugs/Failure-to-Form_Native_Entanglements_slug/Simulations_of_Native_Entanglement_Misfolding/Temp_Quench_Dynamics/P0A7N9_6XZ7_b/setup/
Copied ../../../../git_slugs/Failure-to-Form_Native_Entanglements_slug/Simulations_of_Native_Entanglement_Misfolding/Coarse_Graining_Model/P0A7N9_6XZ7_b/setup/secondary_struc_defs.txt to ../../../../git_slugs/Failure-to-Form_Native_Entanglements_slug/Simulations_of_Native_Entanglement_Misfolding/Temp_Quench_Dynamics/P0A7N9_6XZ7_b/setup/
8 P0A7N9 6XZ7 b Finished: True  Domain 1: nscal = 2.5044
9 P0A8I5_3DXX_A P0A8I5 3DXX A
../Rebuild_AllAtom_structures/data/domains/P0A8I5_3DXX_A.txt
../../../../git_slugs/Failure-to-Form_Native_Entanglements_slug/Simulations_of_Native_Entanglement_Misfolding/Rebuild_AllAtom_structures/PDBs/P0A8I5_3DXX_A_rebuilt.pdb
Finished: P0A8I5 3DXX A
highest_numbered_folder: round_1
highest_folder_path: ../../../../git_slugs/Failure-to-Form_Native_Entanglements_slug/Simulations_of_Native_Entanglement_Misfolding/Coarse_Graining_Model/P0A8I5_3DXX_A/round_1/setup/
Copied ../../../../git_slugs/Failure-to-Form_Native_Entanglements_slug/Simulations_of_Native_Entanglement_Misfolding/Coarse_Graining_Model/P0A8I5_3DXX_A/round_1/setup/P0A8I5_3DXX_A_rebuilt_clean_ca.cor to ../../../../git_slugs/Failure-to-Form_Native_Entanglements_slug/Simulations_of_Native_Entanglement_Misfolding/Temp_Quench_Dynamics/P0A8I5_3DXX_A/setup/
Copied ../../../../git_slugs/Failure-to-Form_Native_Entanglements_slug/Simulations_of_Native_Entanglement_Misfolding/Coarse_Graining_Model/P0A8I5_3DXX_A/round_1/setup/P0A8I5_3DXX_A_rebuilt_clean_ca.psf to ../../../../git_slugs/Failure-to-Form_Native_Entanglements_slug/Simulations_of_Native_Entanglement_Misfolding/Temp_Quench_Dynamics/P0A8I5_3DXX_A/setup/
Copied ../../../../git_slugs/Failure-to-Form_Native_Entanglements_slug/Simulations_of_Native_Entanglement_Misfolding/Coarse_Graining_Model/P0A8I5_3DXX_A/round_1/setup/P0A8I5_3DXX_A_rebuilt_clean_ca.top to ../../../../git_slugs/Failure-to-Form_Native_Entanglements_slug/Simulations_of_Native_Entanglement_Misfolding/Temp_Quench_Dynamics/P0A8I5_3DXX_A/setup/
Copied ../../../../git_slugs/Failure-to-Form_Native_Entanglements_slug/Simulations_of_Native_Entanglement_Misfolding/Coarse_Graining_Model/P0A8I5_3DXX_A/round_1/setup/P0A8I5_3DXX_A_rebuilt_clean_nscal1_fnn1_go_bt.prm to ../../../../git_slugs/Failure-to-Form_Native_Entanglements_slug/Simulations_of_Native_Entanglement_Misfolding/Temp_Quench_Dynamics/P0A8I5_3DXX_A/setup/
Copied ../../../../git_slugs/Failure-to-Form_Native_Entanglements_slug/Simulations_of_Native_Entanglement_Misfolding/Coarse_Graining_Model/P0A8I5_3DXX_A/round_1/setup/P0A8I5_3DXX_A_rebuilt_clean_nscal1_fnn1_go_bt.xml to ../../../../git_slugs/Failure-to-Form_Native_Entanglements_slug/Simulations_of_Native_Entanglement_Misfolding/Temp_Quench_Dynamics/P0A8I5_3DXX_A/setup/
Copied ../../../../git_slugs/Failure-to-Form_Native_Entanglements_slug/Simulations_of_Native_Entanglement_Misfolding/Coarse_Graining_Model/P0A8I5_3DXX_A/setup/secondary_struc_defs.txt to ../../../../git_slugs/Failure-to-Form_Native_Entanglements_slug/Simulations_of_Native_Entanglement_Misfolding/Temp_Quench_Dynamics/P0A8I5_3DXX_A/setup/
9 P0A8I5 3DXX A Finished: True  Domain 1: nscal = 1.1556
10 P0AA25_6LUR_D P0AA25 6LUR D
../Rebuild_AllAtom_structures/data/domains/P0AA25_6LUR_D.txt
../../../../git_slugs/Failure-to-Form_Native_Entanglements_slug/Simulations_of_Native_Entanglement_Misfolding/Rebuild_AllAtom_structures/PDBs/P0AA25_6LUR_D_rebuilt.pdb
Finished: P0AA25 6LUR D
highest_numbered_folder: round_1
highest_folder_path: ../../../../git_slugs/Failure-to-Form_Native_Entanglements_slug/Simulations_of_Native_Entanglement_Misfolding/Coarse_Graining_Model/P0AA25_6LUR_D/round_1/setup/
Copied ../../../../git_slugs/Failure-to-Form_Native_Entanglements_slug/Simulations_of_Native_Entanglement_Misfolding/Coarse_Graining_Model/P0AA25_6LUR_D/round_1/setup/P0AA25_6LUR_D_rebuilt_clean_ca.cor to ../../../../git_slugs/Failure-to-Form_Native_Entanglements_slug/Simulations_of_Native_Entanglement_Misfolding/Temp_Quench_Dynamics/P0AA25_6LUR_D/setup/
Copied ../../../../git_slugs/Failure-to-Form_Native_Entanglements_slug/Simulations_of_Native_Entanglement_Misfolding/Coarse_Graining_Model/P0AA25_6LUR_D/round_1/setup/P0AA25_6LUR_D_rebuilt_clean_ca.psf to ../../../../git_slugs/Failure-to-Form_Native_Entanglements_slug/Simulations_of_Native_Entanglement_Misfolding/Temp_Quench_Dynamics/P0AA25_6LUR_D/setup/
Copied ../../../../git_slugs/Failure-to-Form_Native_Entanglements_slug/Simulations_of_Native_Entanglement_Misfolding/Coarse_Graining_Model/P0AA25_6LUR_D/round_1/setup/P0AA25_6LUR_D_rebuilt_clean_ca.top to ../../../../git_slugs/Failure-to-Form_Native_Entanglements_slug/Simulations_of_Native_Entanglement_Misfolding/Temp_Quench_Dynamics/P0AA25_6LUR_D/setup/
Copied ../../../../git_slugs/Failure-to-Form_Native_Entanglements_slug/Simulations_of_Native_Entanglement_Misfolding/Coarse_Graining_Model/P0AA25_6LUR_D/round_1/setup/P0AA25_6LUR_D_rebuilt_clean_nscal1_fnn1_go_bt.prm to ../../../../git_slugs/Failure-to-Form_Native_Entanglements_slug/Simulations_of_Native_Entanglement_Misfolding/Temp_Quench_Dynamics/P0AA25_6LUR_D/setup/
Copied ../../../../git_slugs/Failure-to-Form_Native_Entanglements_slug/Simulations_of_Native_Entanglement_Misfolding/Coarse_Graining_Model/P0AA25_6LUR_D/round_1/setup/P0AA25_6LUR_D_rebuilt_clean_nscal1_fnn1_go_bt.xml to ../../../../git_slugs/Failure-to-Form_Native_Entanglements_slug/Simulations_of_Native_Entanglement_Misfolding/Temp_Quench_Dynamics/P0AA25_6LUR_D/setup/
Copied ../../../../git_slugs/Failure-to-Form_Native_Entanglements_slug/Simulations_of_Native_Entanglement_Misfolding/Coarse_Graining_Model/P0AA25_6LUR_D/setup/secondary_struc_defs.txt to ../../../../git_slugs/Failure-to-Form_Native_Entanglements_slug/Simulations_of_Native_Entanglement_Misfolding/Temp_Quench_Dynamics/P0AA25_6LUR_D/setup/
10 P0AA25 6LUR D Finished: True  Domain 1: nscal = 1.4732
11 P0ACP7_1QPZ_A P0ACP7 1QPZ A
../Rebuild_AllAtom_structures/data/domains/P0ACP7_1QPZ_A.txt
../../../../git_slugs/Failure-to-Form_Native_Entanglements_slug/Simulations_of_Native_Entanglement_Misfolding/Rebuild_AllAtom_structures/PDBs/P0ACP7_1QPZ_A_rebuilt.pdb
Finished: P0ACP7 1QPZ A
highest_numbered_folder: round_5
highest_folder_path: ../../../../git_slugs/Failure-to-Form_Native_Entanglements_slug/Simulations_of_Native_Entanglement_Misfolding/Coarse_Graining_Model/P0ACP7_1QPZ_A/round_5/setup/
Copied ../../../../git_slugs/Failure-to-Form_Native_Entanglements_slug/Simulations_of_Native_Entanglement_Misfolding/Coarse_Graining_Model/P0ACP7_1QPZ_A/round_5/setup/P0ACP7_1QPZ_A_rebuilt_clean_ca.cor to ../../../../git_slugs/Failure-to-Form_Native_Entanglements_slug/Simulations_of_Native_Entanglement_Misfolding/Temp_Quench_Dynamics/P0ACP7_1QPZ_A/setup/
Copied ../../../../git_slugs/Failure-to-Form_Native_Entanglements_slug/Simulations_of_Native_Entanglement_Misfolding/Coarse_Graining_Model/P0ACP7_1QPZ_A/round_5/setup/P0ACP7_1QPZ_A_rebuilt_clean_ca.psf to ../../../../git_slugs/Failure-to-Form_Native_Entanglements_slug/Simulations_of_Native_Entanglement_Misfolding/Temp_Quench_Dynamics/P0ACP7_1QPZ_A/setup/
Copied ../../../../git_slugs/Failure-to-Form_Native_Entanglements_slug/Simulations_of_Native_Entanglement_Misfolding/Coarse_Graining_Model/P0ACP7_1QPZ_A/round_5/setup/P0ACP7_1QPZ_A_rebuilt_clean_ca.top to ../../../../git_slugs/Failure-to-Form_Native_Entanglements_slug/Simulations_of_Native_Entanglement_Misfolding/Temp_Quench_Dynamics/P0ACP7_1QPZ_A/setup/
Copied ../../../../git_slugs/Failure-to-Form_Native_Entanglements_slug/Simulations_of_Native_Entanglement_Misfolding/Coarse_Graining_Model/P0ACP7_1QPZ_A/round_5/setup/P0ACP7_1QPZ_A_rebuilt_clean_nscal1_fnn1_go_bt.prm to ../../../../git_slugs/Failure-to-Form_Native_Entanglements_slug/Simulations_of_Native_Entanglement_Misfolding/Temp_Quench_Dynamics/P0ACP7_1QPZ_A/setup/
Copied ../../../../git_slugs/Failure-to-Form_Native_Entanglements_slug/Simulations_of_Native_Entanglement_Misfolding/Coarse_Graining_Model/P0ACP7_1QPZ_A/round_5/setup/P0ACP7_1QPZ_A_rebuilt_clean_nscal1_fnn1_go_bt.xml to ../../../../git_slugs/Failure-to-Form_Native_Entanglements_slug/Simulations_of_Native_Entanglement_Misfolding/Temp_Quench_Dynamics/P0ACP7_1QPZ_A/setup/
Copied ../../../../git_slugs/Failure-to-Form_Native_Entanglements_slug/Simulations_of_Native_Entanglement_Misfolding/Coarse_Graining_Model/P0ACP7_1QPZ_A/setup/secondary_struc_defs.txt to ../../../../git_slugs/Failure-to-Form_Native_Entanglements_slug/Simulations_of_Native_Entanglement_Misfolding/Temp_Quench_Dynamics/P0ACP7_1QPZ_A/setup/
11 P0ACP7 1QPZ A Finished: True  Domain 1: nscal = 2.5044
 Domain 2: nscal = 1.4213
 Domain 3: nscal = 1.4213
 Interface 1|2: nscal = 1.2747
 Interface 1|3: nscal = 1.2747
 Interface 2|3: nscal = 1.5679
12 P0ADY3_6XZ7_K P0ADY3 6XZ7 K
../Rebuild_AllAtom_structures/data/domains/P0ADY3_6XZ7_K.txt
../../../../git_slugs/Failure-to-Form_Native_Entanglements_slug/Simulations_of_Native_Entanglement_Misfolding/Rebuild_AllAtom_structures/PDBs/P0ADY3_6XZ7_K_rebuilt.pdb
Finished: P0ADY3 6XZ7 K
highest_numbered_folder: round_1
highest_folder_path: ../../../../git_slugs/Failure-to-Form_Native_Entanglements_slug/Simulations_of_Native_Entanglement_Misfolding/Coarse_Graining_Model/P0ADY3_6XZ7_K/round_1/setup/
Copied ../../../../git_slugs/Failure-to-Form_Native_Entanglements_slug/Simulations_of_Native_Entanglement_Misfolding/Coarse_Graining_Model/P0ADY3_6XZ7_K/round_1/setup/P0ADY3_6XZ7_K_rebuilt_clean_ca.cor to ../../../../git_slugs/Failure-to-Form_Native_Entanglements_slug/Simulations_of_Native_Entanglement_Misfolding/Temp_Quench_Dynamics/P0ADY3_6XZ7_K/setup/
Copied ../../../../git_slugs/Failure-to-Form_Native_Entanglements_slug/Simulations_of_Native_Entanglement_Misfolding/Coarse_Graining_Model/P0ADY3_6XZ7_K/round_1/setup/P0ADY3_6XZ7_K_rebuilt_clean_ca.psf to ../../../../git_slugs/Failure-to-Form_Native_Entanglements_slug/Simulations_of_Native_Entanglement_Misfolding/Temp_Quench_Dynamics/P0ADY3_6XZ7_K/setup/
Copied ../../../../git_slugs/Failure-to-Form_Native_Entanglements_slug/Simulations_of_Native_Entanglement_Misfolding/Coarse_Graining_Model/P0ADY3_6XZ7_K/round_1/setup/P0ADY3_6XZ7_K_rebuilt_clean_ca.top to ../../../../git_slugs/Failure-to-Form_Native_Entanglements_slug/Simulations_of_Native_Entanglement_Misfolding/Temp_Quench_Dynamics/P0ADY3_6XZ7_K/setup/
Copied ../../../../git_slugs/Failure-to-Form_Native_Entanglements_slug/Simulations_of_Native_Entanglement_Misfolding/Coarse_Graining_Model/P0ADY3_6XZ7_K/round_1/setup/P0ADY3_6XZ7_K_rebuilt_clean_nscal1_fnn1_go_bt.prm to ../../../../git_slugs/Failure-to-Form_Native_Entanglements_slug/Simulations_of_Native_Entanglement_Misfolding/Temp_Quench_Dynamics/P0ADY3_6XZ7_K/setup/
Copied ../../../../git_slugs/Failure-to-Form_Native_Entanglements_slug/Simulations_of_Native_Entanglement_Misfolding/Coarse_Graining_Model/P0ADY3_6XZ7_K/round_1/setup/P0ADY3_6XZ7_K_rebuilt_clean_nscal1_fnn1_go_bt.xml to ../../../../git_slugs/Failure-to-Form_Native_Entanglements_slug/Simulations_of_Native_Entanglement_Misfolding/Temp_Quench_Dynamics/P0ADY3_6XZ7_K/setup/
Copied ../../../../git_slugs/Failure-to-Form_Native_Entanglements_slug/Simulations_of_Native_Entanglement_Misfolding/Coarse_Graining_Model/P0ADY3_6XZ7_K/setup/secondary_struc_defs.txt to ../../../../git_slugs/Failure-to-Form_Native_Entanglements_slug/Simulations_of_Native_Entanglement_Misfolding/Temp_Quench_Dynamics/P0ADY3_6XZ7_K/setup/
12 P0ADY3 6XZ7 K Finished: True  Domain 1: nscal = 1.4732
13 P0ADZ0_6QUL_U P0ADZ0 6QUL U
../Rebuild_AllAtom_structures/data/domains/P0ADZ0_6QUL_U.txt
../../../../git_slugs/Failure-to-Form_Native_Entanglements_slug/Simulations_of_Native_Entanglement_Misfolding/Rebuild_AllAtom_structures/PDBs/P0ADZ0_6QUL_U_rebuilt.pdb
Finished: P0ADZ0 6QUL U
highest_numbered_folder: round_4
highest_folder_path: ../../../../git_slugs/Failure-to-Form_Native_Entanglements_slug/Simulations_of_Native_Entanglement_Misfolding/Coarse_Graining_Model/P0ADZ0_6QUL_U/round_4/setup/
Copied ../../../../git_slugs/Failure-to-Form_Native_Entanglements_slug/Simulations_of_Native_Entanglement_Misfolding/Coarse_Graining_Model/P0ADZ0_6QUL_U/round_4/setup/P0ADZ0_6QUL_U_rebuilt_clean_ca.cor to ../../../../git_slugs/Failure-to-Form_Native_Entanglements_slug/Simulations_of_Native_Entanglement_Misfolding/Temp_Quench_Dynamics/P0ADZ0_6QUL_U/setup/
Copied ../../../../git_slugs/Failure-to-Form_Native_Entanglements_slug/Simulations_of_Native_Entanglement_Misfolding/Coarse_Graining_Model/P0ADZ0_6QUL_U/round_4/setup/P0ADZ0_6QUL_U_rebuilt_clean_ca.psf to ../../../../git_slugs/Failure-to-Form_Native_Entanglements_slug/Simulations_of_Native_Entanglement_Misfolding/Temp_Quench_Dynamics/P0ADZ0_6QUL_U/setup/
Copied ../../../../git_slugs/Failure-to-Form_Native_Entanglements_slug/Simulations_of_Native_Entanglement_Misfolding/Coarse_Graining_Model/P0ADZ0_6QUL_U/round_4/setup/P0ADZ0_6QUL_U_rebuilt_clean_ca.top to ../../../../git_slugs/Failure-to-Form_Native_Entanglements_slug/Simulations_of_Native_Entanglement_Misfolding/Temp_Quench_Dynamics/P0ADZ0_6QUL_U/setup/
Copied ../../../../git_slugs/Failure-to-Form_Native_Entanglements_slug/Simulations_of_Native_Entanglement_Misfolding/Coarse_Graining_Model/P0ADZ0_6QUL_U/round_4/setup/P0ADZ0_6QUL_U_rebuilt_clean_nscal1_fnn1_go_bt.prm to ../../../../git_slugs/Failure-to-Form_Native_Entanglements_slug/Simulations_of_Native_Entanglement_Misfolding/Temp_Quench_Dynamics/P0ADZ0_6QUL_U/setup/
Copied ../../../../git_slugs/Failure-to-Form_Native_Entanglements_slug/Simulations_of_Native_Entanglement_Misfolding/Coarse_Graining_Model/P0ADZ0_6QUL_U/round_4/setup/P0ADZ0_6QUL_U_rebuilt_clean_nscal1_fnn1_go_bt.xml to ../../../../git_slugs/Failure-to-Form_Native_Entanglements_slug/Simulations_of_Native_Entanglement_Misfolding/Temp_Quench_Dynamics/P0ADZ0_6QUL_U/setup/
Copied ../../../../git_slugs/Failure-to-Form_Native_Entanglements_slug/Simulations_of_Native_Entanglement_Misfolding/Coarse_Graining_Model/P0ADZ0_6QUL_U/setup/secondary_struc_defs.txt to ../../../../git_slugs/Failure-to-Form_Native_Entanglements_slug/Simulations_of_Native_Entanglement_Misfolding/Temp_Quench_Dynamics/P0ADZ0_6QUL_U/setup/
13 P0ADZ0 6QUL U Finished: True  Domain 1: nscal = 1.9644
14 P0AES0_2IO9_B P0AES0 2IO9 B
../Rebuild_AllAtom_structures/data/domains/P0AES0_2IO9_B.txt
../../../../git_slugs/Failure-to-Form_Native_Entanglements_slug/Simulations_of_Native_Entanglement_Misfolding/Rebuild_AllAtom_structures/PDBs/P0AES0_2IO9_B_rebuilt.pdb
14 P0AES0 2IO9 B Finished: False 
15 P0AG51_6XZ7_Z P0AG51 6XZ7 Z
../Rebuild_AllAtom_structures/data/domains/P0AG51_6XZ7_Z.txt
../../../../git_slugs/Failure-to-Form_Native_Entanglements_slug/Simulations_of_Native_Entanglement_Misfolding/Rebuild_AllAtom_structures/PDBs/P0AG51_6XZ7_Z_rebuilt.pdb
Finished: P0AG51 6XZ7 Z
highest_numbered_folder: round_4
highest_folder_path: ../../../../git_slugs/Failure-to-Form_Native_Entanglements_slug/Simulations_of_Native_Entanglement_Misfolding/Coarse_Graining_Model/P0AG51_6XZ7_Z/round_4/setup/
Copied ../../../../git_slugs/Failure-to-Form_Native_Entanglements_slug/Simulations_of_Native_Entanglement_Misfolding/Coarse_Graining_Model/P0AG51_6XZ7_Z/round_4/setup/P0AG51_6XZ7_Z_rebuilt_clean_ca.cor to ../../../../git_slugs/Failure-to-Form_Native_Entanglements_slug/Simulations_of_Native_Entanglement_Misfolding/Temp_Quench_Dynamics/P0AG51_6XZ7_Z/setup/
Copied ../../../../git_slugs/Failure-to-Form_Native_Entanglements_slug/Simulations_of_Native_Entanglement_Misfolding/Coarse_Graining_Model/P0AG51_6XZ7_Z/round_4/setup/P0AG51_6XZ7_Z_rebuilt_clean_ca.psf to ../../../../git_slugs/Failure-to-Form_Native_Entanglements_slug/Simulations_of_Native_Entanglement_Misfolding/Temp_Quench_Dynamics/P0AG51_6XZ7_Z/setup/
Copied ../../../../git_slugs/Failure-to-Form_Native_Entanglements_slug/Simulations_of_Native_Entanglement_Misfolding/Coarse_Graining_Model/P0AG51_6XZ7_Z/round_4/setup/P0AG51_6XZ7_Z_rebuilt_clean_ca.top to ../../../../git_slugs/Failure-to-Form_Native_Entanglements_slug/Simulations_of_Native_Entanglement_Misfolding/Temp_Quench_Dynamics/P0AG51_6XZ7_Z/setup/
Copied ../../../../git_slugs/Failure-to-Form_Native_Entanglements_slug/Simulations_of_Native_Entanglement_Misfolding/Coarse_Graining_Model/P0AG51_6XZ7_Z/round_4/setup/P0AG51_6XZ7_Z_rebuilt_clean_nscal1_fnn1_go_bt.prm to ../../../../git_slugs/Failure-to-Form_Native_Entanglements_slug/Simulations_of_Native_Entanglement_Misfolding/Temp_Quench_Dynamics/P0AG51_6XZ7_Z/setup/
Copied ../../../../git_slugs/Failure-to-Form_Native_Entanglements_slug/Simulations_of_Native_Entanglement_Misfolding/Coarse_Graining_Model/P0AG51_6XZ7_Z/round_4/setup/P0AG51_6XZ7_Z_rebuilt_clean_nscal1_fnn1_go_bt.xml to ../../../../git_slugs/Failure-to-Form_Native_Entanglements_slug/Simulations_of_Native_Entanglement_Misfolding/Temp_Quench_Dynamics/P0AG51_6XZ7_Z/setup/
Copied ../../../../git_slugs/Failure-to-Form_Native_Entanglements_slug/Simulations_of_Native_Entanglement_Misfolding/Coarse_Graining_Model/P0AG51_6XZ7_Z/setup/secondary_struc_defs.txt to ../../../../git_slugs/Failure-to-Form_Native_Entanglements_slug/Simulations_of_Native_Entanglement_Misfolding/Temp_Quench_Dynamics/P0AG51_6XZ7_Z/setup/
15 P0AG51 6XZ7 Z Finished: True  Domain 1: nscal = 1.9644
16 P21599_6K0K_A P21599 6K0K A
../Rebuild_AllAtom_structures/data/domains/P21599_6K0K_A.txt
../../../../git_slugs/Failure-to-Form_Native_Entanglements_slug/Simulations_of_Native_Entanglement_Misfolding/Rebuild_AllAtom_structures/PDBs/P21599_6K0K_A_rebuilt.pdb
Finished: P21599 6K0K A
highest_numbered_folder: round_1
highest_folder_path: ../../../../git_slugs/Failure-to-Form_Native_Entanglements_slug/Simulations_of_Native_Entanglement_Misfolding/Coarse_Graining_Model/P21599_6K0K_A/round_1/setup/
Copied ../../../../git_slugs/Failure-to-Form_Native_Entanglements_slug/Simulations_of_Native_Entanglement_Misfolding/Coarse_Graining_Model/P21599_6K0K_A/round_1/setup/P21599_6K0K_A_rebuilt_clean_ca.cor to ../../../../git_slugs/Failure-to-Form_Native_Entanglements_slug/Simulations_of_Native_Entanglement_Misfolding/Temp_Quench_Dynamics/P21599_6K0K_A/setup/
Copied ../../../../git_slugs/Failure-to-Form_Native_Entanglements_slug/Simulations_of_Native_Entanglement_Misfolding/Coarse_Graining_Model/P21599_6K0K_A/round_1/setup/P21599_6K0K_A_rebuilt_clean_ca.psf to ../../../../git_slugs/Failure-to-Form_Native_Entanglements_slug/Simulations_of_Native_Entanglement_Misfolding/Temp_Quench_Dynamics/P21599_6K0K_A/setup/
Copied ../../../../git_slugs/Failure-to-Form_Native_Entanglements_slug/Simulations_of_Native_Entanglement_Misfolding/Coarse_Graining_Model/P21599_6K0K_A/round_1/setup/P21599_6K0K_A_rebuilt_clean_ca.top to ../../../../git_slugs/Failure-to-Form_Native_Entanglements_slug/Simulations_of_Native_Entanglement_Misfolding/Temp_Quench_Dynamics/P21599_6K0K_A/setup/
Copied ../../../../git_slugs/Failure-to-Form_Native_Entanglements_slug/Simulations_of_Native_Entanglement_Misfolding/Coarse_Graining_Model/P21599_6K0K_A/round_1/setup/P21599_6K0K_A_rebuilt_clean_nscal1_fnn1_go_bt.prm to ../../../../git_slugs/Failure-to-Form_Native_Entanglements_slug/Simulations_of_Native_Entanglement_Misfolding/Temp_Quench_Dynamics/P21599_6K0K_A/setup/
Copied ../../../../git_slugs/Failure-to-Form_Native_Entanglements_slug/Simulations_of_Native_Entanglement_Misfolding/Coarse_Graining_Model/P21599_6K0K_A/round_1/setup/P21599_6K0K_A_rebuilt_clean_nscal1_fnn1_go_bt.xml to ../../../../git_slugs/Failure-to-Form_Native_Entanglements_slug/Simulations_of_Native_Entanglement_Misfolding/Temp_Quench_Dynamics/P21599_6K0K_A/setup/
Copied ../../../../git_slugs/Failure-to-Form_Native_Entanglements_slug/Simulations_of_Native_Entanglement_Misfolding/Coarse_Graining_Model/P21599_6K0K_A/setup/secondary_struc_defs.txt to ../../../../git_slugs/Failure-to-Form_Native_Entanglements_slug/Simulations_of_Native_Entanglement_Misfolding/Temp_Quench_Dynamics/P21599_6K0K_A/setup/
16 P21599 6K0K A Finished: True  Domain 1: nscal = 1.1556
17 P31142_1URH_A P31142 1URH A
../Rebuild_AllAtom_structures/data/domains/P31142_1URH_A.txt
../../../../git_slugs/Failure-to-Form_Native_Entanglements_slug/Simulations_of_Native_Entanglement_Misfolding/Rebuild_AllAtom_structures/PDBs/P31142_1URH_A_rebuilt.pdb
Finished: P31142 1URH A
highest_numbered_folder: round_5
highest_folder_path: ../../../../git_slugs/Failure-to-Form_Native_Entanglements_slug/Simulations_of_Native_Entanglement_Misfolding/Coarse_Graining_Model/P31142_1URH_A/round_5/setup/
Copied ../../../../git_slugs/Failure-to-Form_Native_Entanglements_slug/Simulations_of_Native_Entanglement_Misfolding/Coarse_Graining_Model/P31142_1URH_A/round_5/setup/P31142_1URH_A_rebuilt_clean_ca.cor to ../../../../git_slugs/Failure-to-Form_Native_Entanglements_slug/Simulations_of_Native_Entanglement_Misfolding/Temp_Quench_Dynamics/P31142_1URH_A/setup/
Copied ../../../../git_slugs/Failure-to-Form_Native_Entanglements_slug/Simulations_of_Native_Entanglement_Misfolding/Coarse_Graining_Model/P31142_1URH_A/round_5/setup/P31142_1URH_A_rebuilt_clean_ca.psf to ../../../../git_slugs/Failure-to-Form_Native_Entanglements_slug/Simulations_of_Native_Entanglement_Misfolding/Temp_Quench_Dynamics/P31142_1URH_A/setup/
Copied ../../../../git_slugs/Failure-to-Form_Native_Entanglements_slug/Simulations_of_Native_Entanglement_Misfolding/Coarse_Graining_Model/P31142_1URH_A/round_5/setup/P31142_1URH_A_rebuilt_clean_ca.top to ../../../../git_slugs/Failure-to-Form_Native_Entanglements_slug/Simulations_of_Native_Entanglement_Misfolding/Temp_Quench_Dynamics/P31142_1URH_A/setup/
Copied ../../../../git_slugs/Failure-to-Form_Native_Entanglements_slug/Simulations_of_Native_Entanglement_Misfolding/Coarse_Graining_Model/P31142_1URH_A/round_5/setup/P31142_1URH_A_rebuilt_clean_nscal1_fnn1_go_bt.prm to ../../../../git_slugs/Failure-to-Form_Native_Entanglements_slug/Simulations_of_Native_Entanglement_Misfolding/Temp_Quench_Dynamics/P31142_1URH_A/setup/
Copied ../../../../git_slugs/Failure-to-Form_Native_Entanglements_slug/Simulations_of_Native_Entanglement_Misfolding/Coarse_Graining_Model/P31142_1URH_A/round_5/setup/P31142_1URH_A_rebuilt_clean_nscal1_fnn1_go_bt.xml to ../../../../git_slugs/Failure-to-Form_Native_Entanglements_slug/Simulations_of_Native_Entanglement_Misfolding/Temp_Quench_Dynamics/P31142_1URH_A/setup/
Copied ../../../../git_slugs/Failure-to-Form_Native_Entanglements_slug/Simulations_of_Native_Entanglement_Misfolding/Coarse_Graining_Model/P31142_1URH_A/setup/secondary_struc_defs.txt to ../../../../git_slugs/Failure-to-Form_Native_Entanglements_slug/Simulations_of_Native_Entanglement_Misfolding/Temp_Quench_Dynamics/P31142_1URH_A/setup/
17 P31142 1URH A Finished: True  Domain 1: nscal = 1.1556
 Domain 2: nscal = 1.1556
 Interface 1|2: nscal = 2.5044
18 P37747_1I8T_A P37747 1I8T A
../Rebuild_AllAtom_structures/data/domains/P37747_1I8T_A.txt
../../../../git_slugs/Failure-to-Form_Native_Entanglements_slug/Simulations_of_Native_Entanglement_Misfolding/Rebuild_AllAtom_structures/PDBs/P37747_1I8T_A_rebuilt.pdb
Finished: P37747 1I8T A
highest_numbered_folder: round_6
highest_folder_path: ../../../../git_slugs/Failure-to-Form_Native_Entanglements_slug/Simulations_of_Native_Entanglement_Misfolding/Coarse_Graining_Model/P37747_1I8T_A/round_6/setup/
Copied ../../../../git_slugs/Failure-to-Form_Native_Entanglements_slug/Simulations_of_Native_Entanglement_Misfolding/Coarse_Graining_Model/P37747_1I8T_A/round_6/setup/P37747_1I8T_A_rebuilt_clean_ca.cor to ../../../../git_slugs/Failure-to-Form_Native_Entanglements_slug/Simulations_of_Native_Entanglement_Misfolding/Temp_Quench_Dynamics/P37747_1I8T_A/setup/
Copied ../../../../git_slugs/Failure-to-Form_Native_Entanglements_slug/Simulations_of_Native_Entanglement_Misfolding/Coarse_Graining_Model/P37747_1I8T_A/round_6/setup/P37747_1I8T_A_rebuilt_clean_ca.psf to ../../../../git_slugs/Failure-to-Form_Native_Entanglements_slug/Simulations_of_Native_Entanglement_Misfolding/Temp_Quench_Dynamics/P37747_1I8T_A/setup/
Copied ../../../../git_slugs/Failure-to-Form_Native_Entanglements_slug/Simulations_of_Native_Entanglement_Misfolding/Coarse_Graining_Model/P37747_1I8T_A/round_6/setup/P37747_1I8T_A_rebuilt_clean_ca.top to ../../../../git_slugs/Failure-to-Form_Native_Entanglements_slug/Simulations_of_Native_Entanglement_Misfolding/Temp_Quench_Dynamics/P37747_1I8T_A/setup/
Copied ../../../../git_slugs/Failure-to-Form_Native_Entanglements_slug/Simulations_of_Native_Entanglement_Misfolding/Coarse_Graining_Model/P37747_1I8T_A/round_6/setup/P37747_1I8T_A_rebuilt_clean_nscal1_fnn1_go_bt.prm to ../../../../git_slugs/Failure-to-Form_Native_Entanglements_slug/Simulations_of_Native_Entanglement_Misfolding/Temp_Quench_Dynamics/P37747_1I8T_A/setup/
Copied ../../../../git_slugs/Failure-to-Form_Native_Entanglements_slug/Simulations_of_Native_Entanglement_Misfolding/Coarse_Graining_Model/P37747_1I8T_A/round_6/setup/P37747_1I8T_A_rebuilt_clean_nscal1_fnn1_go_bt.xml to ../../../../git_slugs/Failure-to-Form_Native_Entanglements_slug/Simulations_of_Native_Entanglement_Misfolding/Temp_Quench_Dynamics/P37747_1I8T_A/setup/
Copied ../../../../git_slugs/Failure-to-Form_Native_Entanglements_slug/Simulations_of_Native_Entanglement_Misfolding/Coarse_Graining_Model/P37747_1I8T_A/setup/secondary_struc_defs.txt to ../../../../git_slugs/Failure-to-Form_Native_Entanglements_slug/Simulations_of_Native_Entanglement_Misfolding/Temp_Quench_Dynamics/P37747_1I8T_A/setup/
18 P37747 1I8T A Finished: True  Domain 1: nscal = 1.1556
 Domain 2: nscal = 1.1556
 Interface 1|2: nscal = 1.8611
19 P45748_1HRU_A P45748 1HRU A
../Rebuild_AllAtom_structures/data/domains/P45748_1HRU_A.txt
../../../../git_slugs/Failure-to-Form_Native_Entanglements_slug/Simulations_of_Native_Entanglement_Misfolding/Rebuild_AllAtom_structures/PDBs/P45748_1HRU_A_rebuilt.pdb
Finished: P45748 1HRU A
highest_numbered_folder: round_1
highest_folder_path: ../../../../git_slugs/Failure-to-Form_Native_Entanglements_slug/Simulations_of_Native_Entanglement_Misfolding/Coarse_Graining_Model/P45748_1HRU_A/round_1/setup/
Copied ../../../../git_slugs/Failure-to-Form_Native_Entanglements_slug/Simulations_of_Native_Entanglement_Misfolding/Coarse_Graining_Model/P45748_1HRU_A/round_1/setup/P45748_1HRU_A_rebuilt_clean_ca.cor to ../../../../git_slugs/Failure-to-Form_Native_Entanglements_slug/Simulations_of_Native_Entanglement_Misfolding/Temp_Quench_Dynamics/P45748_1HRU_A/setup/
Copied ../../../../git_slugs/Failure-to-Form_Native_Entanglements_slug/Simulations_of_Native_Entanglement_Misfolding/Coarse_Graining_Model/P45748_1HRU_A/round_1/setup/P45748_1HRU_A_rebuilt_clean_ca.psf to ../../../../git_slugs/Failure-to-Form_Native_Entanglements_slug/Simulations_of_Native_Entanglement_Misfolding/Temp_Quench_Dynamics/P45748_1HRU_A/setup/
Copied ../../../../git_slugs/Failure-to-Form_Native_Entanglements_slug/Simulations_of_Native_Entanglement_Misfolding/Coarse_Graining_Model/P45748_1HRU_A/round_1/setup/P45748_1HRU_A_rebuilt_clean_ca.top to ../../../../git_slugs/Failure-to-Form_Native_Entanglements_slug/Simulations_of_Native_Entanglement_Misfolding/Temp_Quench_Dynamics/P45748_1HRU_A/setup/
Copied ../../../../git_slugs/Failure-to-Form_Native_Entanglements_slug/Simulations_of_Native_Entanglement_Misfolding/Coarse_Graining_Model/P45748_1HRU_A/round_1/setup/P45748_1HRU_A_rebuilt_clean_nscal1_fnn1_go_bt.prm to ../../../../git_slugs/Failure-to-Form_Native_Entanglements_slug/Simulations_of_Native_Entanglement_Misfolding/Temp_Quench_Dynamics/P45748_1HRU_A/setup/
Copied ../../../../git_slugs/Failure-to-Form_Native_Entanglements_slug/Simulations_of_Native_Entanglement_Misfolding/Coarse_Graining_Model/P45748_1HRU_A/round_1/setup/P45748_1HRU_A_rebuilt_clean_nscal1_fnn1_go_bt.xml to ../../../../git_slugs/Failure-to-Form_Native_Entanglements_slug/Simulations_of_Native_Entanglement_Misfolding/Temp_Quench_Dynamics/P45748_1HRU_A/setup/
Copied ../../../../git_slugs/Failure-to-Form_Native_Entanglements_slug/Simulations_of_Native_Entanglement_Misfolding/Coarse_Graining_Model/P45748_1HRU_A/setup/secondary_struc_defs.txt to ../../../../git_slugs/Failure-to-Form_Native_Entanglements_slug/Simulations_of_Native_Entanglement_Misfolding/Temp_Quench_Dynamics/P45748_1HRU_A/setup/
19 P45748 1HRU A Finished: True  Domain 1: nscal = 1.1556
20 P60438_6PCR_N P60438 6PCR N
../Rebuild_AllAtom_structures/data/domains/P60438_6PCR_N.txt
../../../../git_slugs/Failure-to-Form_Native_Entanglements_slug/Simulations_of_Native_Entanglement_Misfolding/Rebuild_AllAtom_structures/PDBs/P60438_6PCR_N_rebuilt.pdb
Finished: P60438 6PCR N
highest_numbered_folder: round_3
highest_folder_path: ../../../../git_slugs/Failure-to-Form_Native_Entanglements_slug/Simulations_of_Native_Entanglement_Misfolding/Coarse_Graining_Model/P60438_6PCR_N/round_3/setup/
Copied ../../../../git_slugs/Failure-to-Form_Native_Entanglements_slug/Simulations_of_Native_Entanglement_Misfolding/Coarse_Graining_Model/P60438_6PCR_N/round_3/setup/P60438_6PCR_N_rebuilt_clean_ca.cor to ../../../../git_slugs/Failure-to-Form_Native_Entanglements_slug/Simulations_of_Native_Entanglement_Misfolding/Temp_Quench_Dynamics/P60438_6PCR_N/setup/
Copied ../../../../git_slugs/Failure-to-Form_Native_Entanglements_slug/Simulations_of_Native_Entanglement_Misfolding/Coarse_Graining_Model/P60438_6PCR_N/round_3/setup/P60438_6PCR_N_rebuilt_clean_ca.psf to ../../../../git_slugs/Failure-to-Form_Native_Entanglements_slug/Simulations_of_Native_Entanglement_Misfolding/Temp_Quench_Dynamics/P60438_6PCR_N/setup/
Copied ../../../../git_slugs/Failure-to-Form_Native_Entanglements_slug/Simulations_of_Native_Entanglement_Misfolding/Coarse_Graining_Model/P60438_6PCR_N/round_3/setup/P60438_6PCR_N_rebuilt_clean_ca.top to ../../../../git_slugs/Failure-to-Form_Native_Entanglements_slug/Simulations_of_Native_Entanglement_Misfolding/Temp_Quench_Dynamics/P60438_6PCR_N/setup/
Copied ../../../../git_slugs/Failure-to-Form_Native_Entanglements_slug/Simulations_of_Native_Entanglement_Misfolding/Coarse_Graining_Model/P60438_6PCR_N/round_3/setup/P60438_6PCR_N_rebuilt_clean_nscal1_fnn1_go_bt.prm to ../../../../git_slugs/Failure-to-Form_Native_Entanglements_slug/Simulations_of_Native_Entanglement_Misfolding/Temp_Quench_Dynamics/P60438_6PCR_N/setup/
Copied ../../../../git_slugs/Failure-to-Form_Native_Entanglements_slug/Simulations_of_Native_Entanglement_Misfolding/Coarse_Graining_Model/P60438_6PCR_N/round_3/setup/P60438_6PCR_N_rebuilt_clean_nscal1_fnn1_go_bt.xml to ../../../../git_slugs/Failure-to-Form_Native_Entanglements_slug/Simulations_of_Native_Entanglement_Misfolding/Temp_Quench_Dynamics/P60438_6PCR_N/setup/
Copied ../../../../git_slugs/Failure-to-Form_Native_Entanglements_slug/Simulations_of_Native_Entanglement_Misfolding/Coarse_Graining_Model/P60438_6PCR_N/setup/secondary_struc_defs.txt to ../../../../git_slugs/Failure-to-Form_Native_Entanglements_slug/Simulations_of_Native_Entanglement_Misfolding/Temp_Quench_Dynamics/P60438_6PCR_N/setup/
20 P60438 6PCR N Finished: True  Domain 1: nscal = 2.1508
21 P60546_2ANB_A P60546 2ANB A
../Rebuild_AllAtom_structures/data/domains/P60546_2ANB_A.txt
../../../../git_slugs/Failure-to-Form_Native_Entanglements_slug/Simulations_of_Native_Entanglement_Misfolding/Rebuild_AllAtom_structures/PDBs/P60546_2ANB_A_rebuilt.pdb
Finished: P60546 2ANB A
highest_numbered_folder: round_4
highest_folder_path: ../../../../git_slugs/Failure-to-Form_Native_Entanglements_slug/Simulations_of_Native_Entanglement_Misfolding/Coarse_Graining_Model/P60546_2ANB_A/round_4/setup/
Copied ../../../../git_slugs/Failure-to-Form_Native_Entanglements_slug/Simulations_of_Native_Entanglement_Misfolding/Coarse_Graining_Model/P60546_2ANB_A/round_4/setup/P60546_2ANB_A_rebuilt_clean_ca.cor to ../../../../git_slugs/Failure-to-Form_Native_Entanglements_slug/Simulations_of_Native_Entanglement_Misfolding/Temp_Quench_Dynamics/P60546_2ANB_A/setup/
Copied ../../../../git_slugs/Failure-to-Form_Native_Entanglements_slug/Simulations_of_Native_Entanglement_Misfolding/Coarse_Graining_Model/P60546_2ANB_A/round_4/setup/P60546_2ANB_A_rebuilt_clean_ca.psf to ../../../../git_slugs/Failure-to-Form_Native_Entanglements_slug/Simulations_of_Native_Entanglement_Misfolding/Temp_Quench_Dynamics/P60546_2ANB_A/setup/
Copied ../../../../git_slugs/Failure-to-Form_Native_Entanglements_slug/Simulations_of_Native_Entanglement_Misfolding/Coarse_Graining_Model/P60546_2ANB_A/round_4/setup/P60546_2ANB_A_rebuilt_clean_ca.top to ../../../../git_slugs/Failure-to-Form_Native_Entanglements_slug/Simulations_of_Native_Entanglement_Misfolding/Temp_Quench_Dynamics/P60546_2ANB_A/setup/
Copied ../../../../git_slugs/Failure-to-Form_Native_Entanglements_slug/Simulations_of_Native_Entanglement_Misfolding/Coarse_Graining_Model/P60546_2ANB_A/round_4/setup/P60546_2ANB_A_rebuilt_clean_nscal1_fnn1_go_bt.prm to ../../../../git_slugs/Failure-to-Form_Native_Entanglements_slug/Simulations_of_Native_Entanglement_Misfolding/Temp_Quench_Dynamics/P60546_2ANB_A/setup/
Copied ../../../../git_slugs/Failure-to-Form_Native_Entanglements_slug/Simulations_of_Native_Entanglement_Misfolding/Coarse_Graining_Model/P60546_2ANB_A/round_4/setup/P60546_2ANB_A_rebuilt_clean_nscal1_fnn1_go_bt.xml to ../../../../git_slugs/Failure-to-Form_Native_Entanglements_slug/Simulations_of_Native_Entanglement_Misfolding/Temp_Quench_Dynamics/P60546_2ANB_A/setup/
Copied ../../../../git_slugs/Failure-to-Form_Native_Entanglements_slug/Simulations_of_Native_Entanglement_Misfolding/Coarse_Graining_Model/P60546_2ANB_A/setup/secondary_struc_defs.txt to ../../../../git_slugs/Failure-to-Form_Native_Entanglements_slug/Simulations_of_Native_Entanglement_Misfolding/Temp_Quench_Dynamics/P60546_2ANB_A/setup/
21 P60546 2ANB A Finished: True  Domain 1: nscal = 1.4213
 Domain 2: nscal = 1.9644
 Interface 1|2: nscal = 2.1670
22 P61175_6XZ7_S P61175 6XZ7 S
../Rebuild_AllAtom_structures/data/domains/P61175_6XZ7_S.txt
../../../../git_slugs/Failure-to-Form_Native_Entanglements_slug/Simulations_of_Native_Entanglement_Misfolding/Rebuild_AllAtom_structures/PDBs/P61175_6XZ7_S_rebuilt.pdb
Finished: P61175 6XZ7 S
highest_numbered_folder: round_3
highest_folder_path: ../../../../git_slugs/Failure-to-Form_Native_Entanglements_slug/Simulations_of_Native_Entanglement_Misfolding/Coarse_Graining_Model/P61175_6XZ7_S/round_3/setup/
Copied ../../../../git_slugs/Failure-to-Form_Native_Entanglements_slug/Simulations_of_Native_Entanglement_Misfolding/Coarse_Graining_Model/P61175_6XZ7_S/round_3/setup/P61175_6XZ7_S_rebuilt_clean_ca.cor to ../../../../git_slugs/Failure-to-Form_Native_Entanglements_slug/Simulations_of_Native_Entanglement_Misfolding/Temp_Quench_Dynamics/P61175_6XZ7_S/setup/
Copied ../../../../git_slugs/Failure-to-Form_Native_Entanglements_slug/Simulations_of_Native_Entanglement_Misfolding/Coarse_Graining_Model/P61175_6XZ7_S/round_3/setup/P61175_6XZ7_S_rebuilt_clean_ca.psf to ../../../../git_slugs/Failure-to-Form_Native_Entanglements_slug/Simulations_of_Native_Entanglement_Misfolding/Temp_Quench_Dynamics/P61175_6XZ7_S/setup/
Copied ../../../../git_slugs/Failure-to-Form_Native_Entanglements_slug/Simulations_of_Native_Entanglement_Misfolding/Coarse_Graining_Model/P61175_6XZ7_S/round_3/setup/P61175_6XZ7_S_rebuilt_clean_ca.top to ../../../../git_slugs/Failure-to-Form_Native_Entanglements_slug/Simulations_of_Native_Entanglement_Misfolding/Temp_Quench_Dynamics/P61175_6XZ7_S/setup/
Copied ../../../../git_slugs/Failure-to-Form_Native_Entanglements_slug/Simulations_of_Native_Entanglement_Misfolding/Coarse_Graining_Model/P61175_6XZ7_S/round_3/setup/P61175_6XZ7_S_rebuilt_clean_nscal1_fnn1_go_bt.prm to ../../../../git_slugs/Failure-to-Form_Native_Entanglements_slug/Simulations_of_Native_Entanglement_Misfolding/Temp_Quench_Dynamics/P61175_6XZ7_S/setup/
Copied ../../../../git_slugs/Failure-to-Form_Native_Entanglements_slug/Simulations_of_Native_Entanglement_Misfolding/Coarse_Graining_Model/P61175_6XZ7_S/round_3/setup/P61175_6XZ7_S_rebuilt_clean_nscal1_fnn1_go_bt.xml to ../../../../git_slugs/Failure-to-Form_Native_Entanglements_slug/Simulations_of_Native_Entanglement_Misfolding/Temp_Quench_Dynamics/P61175_6XZ7_S/setup/
Copied ../../../../git_slugs/Failure-to-Form_Native_Entanglements_slug/Simulations_of_Native_Entanglement_Misfolding/Coarse_Graining_Model/P61175_6XZ7_S/setup/secondary_struc_defs.txt to ../../../../git_slugs/Failure-to-Form_Native_Entanglements_slug/Simulations_of_Native_Entanglement_Misfolding/Temp_Quench_Dynamics/P61175_6XZ7_S/setup/
22 P61175 6XZ7 S Finished: True  Domain 1: nscal = 1.6871
23 P65556_2FKB_A P65556 2FKB A
../Rebuild_AllAtom_structures/data/domains/P65556_2FKB_A.txt
../../../../git_slugs/Failure-to-Form_Native_Entanglements_slug/Simulations_of_Native_Entanglement_Misfolding/Rebuild_AllAtom_structures/PDBs/P65556_2FKB_A_rebuilt.pdb
Finished: P65556 2FKB A
highest_numbered_folder: round_2
highest_folder_path: ../../../../git_slugs/Failure-to-Form_Native_Entanglements_slug/Simulations_of_Native_Entanglement_Misfolding/Coarse_Graining_Model/P65556_2FKB_A/round_2/setup/
Copied ../../../../git_slugs/Failure-to-Form_Native_Entanglements_slug/Simulations_of_Native_Entanglement_Misfolding/Coarse_Graining_Model/P65556_2FKB_A/round_2/setup/P65556_2FKB_A_rebuilt_clean_ca.cor to ../../../../git_slugs/Failure-to-Form_Native_Entanglements_slug/Simulations_of_Native_Entanglement_Misfolding/Temp_Quench_Dynamics/P65556_2FKB_A/setup/
Copied ../../../../git_slugs/Failure-to-Form_Native_Entanglements_slug/Simulations_of_Native_Entanglement_Misfolding/Coarse_Graining_Model/P65556_2FKB_A/round_2/setup/P65556_2FKB_A_rebuilt_clean_ca.psf to ../../../../git_slugs/Failure-to-Form_Native_Entanglements_slug/Simulations_of_Native_Entanglement_Misfolding/Temp_Quench_Dynamics/P65556_2FKB_A/setup/
Copied ../../../../git_slugs/Failure-to-Form_Native_Entanglements_slug/Simulations_of_Native_Entanglement_Misfolding/Coarse_Graining_Model/P65556_2FKB_A/round_2/setup/P65556_2FKB_A_rebuilt_clean_ca.top to ../../../../git_slugs/Failure-to-Form_Native_Entanglements_slug/Simulations_of_Native_Entanglement_Misfolding/Temp_Quench_Dynamics/P65556_2FKB_A/setup/
Copied ../../../../git_slugs/Failure-to-Form_Native_Entanglements_slug/Simulations_of_Native_Entanglement_Misfolding/Coarse_Graining_Model/P65556_2FKB_A/round_2/setup/P65556_2FKB_A_rebuilt_clean_nscal1_fnn1_go_bt.prm to ../../../../git_slugs/Failure-to-Form_Native_Entanglements_slug/Simulations_of_Native_Entanglement_Misfolding/Temp_Quench_Dynamics/P65556_2FKB_A/setup/
Copied ../../../../git_slugs/Failure-to-Form_Native_Entanglements_slug/Simulations_of_Native_Entanglement_Misfolding/Coarse_Graining_Model/P65556_2FKB_A/round_2/setup/P65556_2FKB_A_rebuilt_clean_nscal1_fnn1_go_bt.xml to ../../../../git_slugs/Failure-to-Form_Native_Entanglements_slug/Simulations_of_Native_Entanglement_Misfolding/Temp_Quench_Dynamics/P65556_2FKB_A/setup/
Copied ../../../../git_slugs/Failure-to-Form_Native_Entanglements_slug/Simulations_of_Native_Entanglement_Misfolding/Coarse_Graining_Model/P65556_2FKB_A/setup/secondary_struc_defs.txt to ../../../../git_slugs/Failure-to-Form_Native_Entanglements_slug/Simulations_of_Native_Entanglement_Misfolding/Temp_Quench_Dynamics/P65556_2FKB_A/setup/
23 P65556 2FKB A Finished: True  Domain 1: nscal = 1.4213
24 P77214_1ZEQ_X P77214 1ZEQ X
../Rebuild_AllAtom_structures/data/domains/P77214_1ZEQ_X.txt
../../../../git_slugs/Failure-to-Form_Native_Entanglements_slug/Simulations_of_Native_Entanglement_Misfolding/Rebuild_AllAtom_structures/PDBs/P77214_1ZEQ_X_rebuilt.pdb
Finished: P77214 1ZEQ X
highest_numbered_folder: round_2
highest_folder_path: ../../../../git_slugs/Failure-to-Form_Native_Entanglements_slug/Simulations_of_Native_Entanglement_Misfolding/Coarse_Graining_Model/P77214_1ZEQ_X/round_2/setup/
Copied ../../../../git_slugs/Failure-to-Form_Native_Entanglements_slug/Simulations_of_Native_Entanglement_Misfolding/Coarse_Graining_Model/P77214_1ZEQ_X/round_2/setup/P77214_1ZEQ_X_rebuilt_clean_ca.cor to ../../../../git_slugs/Failure-to-Form_Native_Entanglements_slug/Simulations_of_Native_Entanglement_Misfolding/Temp_Quench_Dynamics/P77214_1ZEQ_X/setup/
Copied ../../../../git_slugs/Failure-to-Form_Native_Entanglements_slug/Simulations_of_Native_Entanglement_Misfolding/Coarse_Graining_Model/P77214_1ZEQ_X/round_2/setup/P77214_1ZEQ_X_rebuilt_clean_ca.psf to ../../../../git_slugs/Failure-to-Form_Native_Entanglements_slug/Simulations_of_Native_Entanglement_Misfolding/Temp_Quench_Dynamics/P77214_1ZEQ_X/setup/
Copied ../../../../git_slugs/Failure-to-Form_Native_Entanglements_slug/Simulations_of_Native_Entanglement_Misfolding/Coarse_Graining_Model/P77214_1ZEQ_X/round_2/setup/P77214_1ZEQ_X_rebuilt_clean_ca.top to ../../../../git_slugs/Failure-to-Form_Native_Entanglements_slug/Simulations_of_Native_Entanglement_Misfolding/Temp_Quench_Dynamics/P77214_1ZEQ_X/setup/
Copied ../../../../git_slugs/Failure-to-Form_Native_Entanglements_slug/Simulations_of_Native_Entanglement_Misfolding/Coarse_Graining_Model/P77214_1ZEQ_X/round_2/setup/P77214_1ZEQ_X_rebuilt_clean_nscal1_fnn1_go_bt.prm to ../../../../git_slugs/Failure-to-Form_Native_Entanglements_slug/Simulations_of_Native_Entanglement_Misfolding/Temp_Quench_Dynamics/P77214_1ZEQ_X/setup/
Copied ../../../../git_slugs/Failure-to-Form_Native_Entanglements_slug/Simulations_of_Native_Entanglement_Misfolding/Coarse_Graining_Model/P77214_1ZEQ_X/round_2/setup/P77214_1ZEQ_X_rebuilt_clean_nscal1_fnn1_go_bt.xml to ../../../../git_slugs/Failure-to-Form_Native_Entanglements_slug/Simulations_of_Native_Entanglement_Misfolding/Temp_Quench_Dynamics/P77214_1ZEQ_X/setup/
Copied ../../../../git_slugs/Failure-to-Form_Native_Entanglements_slug/Simulations_of_Native_Entanglement_Misfolding/Coarse_Graining_Model/P77214_1ZEQ_X/setup/secondary_struc_defs.txt to ../../../../git_slugs/Failure-to-Form_Native_Entanglements_slug/Simulations_of_Native_Entanglement_Misfolding/Temp_Quench_Dynamics/P77214_1ZEQ_X/setup/
24 P77214 1ZEQ X Finished: True  Domain 1: nscal = 1.8120
25 P77754_6BIE_A P77754 6BIE A
../Rebuild_AllAtom_structures/data/domains/P77754_6BIE_A.txt
../../../../git_slugs/Failure-to-Form_Native_Entanglements_slug/Simulations_of_Native_Entanglement_Misfolding/Rebuild_AllAtom_structures/PDBs/P77754_6BIE_A_rebuilt.pdb
Finished: P77754 6BIE A
highest_numbered_folder: round_4
highest_folder_path: ../../../../git_slugs/Failure-to-Form_Native_Entanglements_slug/Simulations_of_Native_Entanglement_Misfolding/Coarse_Graining_Model/P77754_6BIE_A/round_4/setup/
Copied ../../../../git_slugs/Failure-to-Form_Native_Entanglements_slug/Simulations_of_Native_Entanglement_Misfolding/Coarse_Graining_Model/P77754_6BIE_A/round_4/setup/P77754_6BIE_A_rebuilt_clean_ca.cor to ../../../../git_slugs/Failure-to-Form_Native_Entanglements_slug/Simulations_of_Native_Entanglement_Misfolding/Temp_Quench_Dynamics/P77754_6BIE_A/setup/
Copied ../../../../git_slugs/Failure-to-Form_Native_Entanglements_slug/Simulations_of_Native_Entanglement_Misfolding/Coarse_Graining_Model/P77754_6BIE_A/round_4/setup/P77754_6BIE_A_rebuilt_clean_ca.psf to ../../../../git_slugs/Failure-to-Form_Native_Entanglements_slug/Simulations_of_Native_Entanglement_Misfolding/Temp_Quench_Dynamics/P77754_6BIE_A/setup/
Copied ../../../../git_slugs/Failure-to-Form_Native_Entanglements_slug/Simulations_of_Native_Entanglement_Misfolding/Coarse_Graining_Model/P77754_6BIE_A/round_4/setup/P77754_6BIE_A_rebuilt_clean_ca.top to ../../../../git_slugs/Failure-to-Form_Native_Entanglements_slug/Simulations_of_Native_Entanglement_Misfolding/Temp_Quench_Dynamics/P77754_6BIE_A/setup/
Copied ../../../../git_slugs/Failure-to-Form_Native_Entanglements_slug/Simulations_of_Native_Entanglement_Misfolding/Coarse_Graining_Model/P77754_6BIE_A/round_4/setup/P77754_6BIE_A_rebuilt_clean_nscal1_fnn1_go_bt.prm to ../../../../git_slugs/Failure-to-Form_Native_Entanglements_slug/Simulations_of_Native_Entanglement_Misfolding/Temp_Quench_Dynamics/P77754_6BIE_A/setup/
Copied ../../../../git_slugs/Failure-to-Form_Native_Entanglements_slug/Simulations_of_Native_Entanglement_Misfolding/Coarse_Graining_Model/P77754_6BIE_A/round_4/setup/P77754_6BIE_A_rebuilt_clean_nscal1_fnn1_go_bt.xml to ../../../../git_slugs/Failure-to-Form_Native_Entanglements_slug/Simulations_of_Native_Entanglement_Misfolding/Temp_Quench_Dynamics/P77754_6BIE_A/setup/
Copied ../../../../git_slugs/Failure-to-Form_Native_Entanglements_slug/Simulations_of_Native_Entanglement_Misfolding/Coarse_Graining_Model/P77754_6BIE_A/setup/secondary_struc_defs.txt to ../../../../git_slugs/Failure-to-Form_Native_Entanglements_slug/Simulations_of_Native_Entanglement_Misfolding/Temp_Quench_Dynamics/P77754_6BIE_A/setup/
25 P77754 6BIE A Finished: True  Domain 1: nscal = 2.0322
26 Q46856_1OJ7_D Q46856 1OJ7 D
../Rebuild_AllAtom_structures/data/domains/Q46856_1OJ7_D.txt
../../../../git_slugs/Failure-to-Form_Native_Entanglements_slug/Simulations_of_Native_Entanglement_Misfolding/Rebuild_AllAtom_structures/PDBs/Q46856_1OJ7_D_rebuilt.pdb
Finished: Q46856 1OJ7 D
highest_numbered_folder: round_1
highest_folder_path: ../../../../git_slugs/Failure-to-Form_Native_Entanglements_slug/Simulations_of_Native_Entanglement_Misfolding/Coarse_Graining_Model/Q46856_1OJ7_D/round_1/setup/
Copied ../../../../git_slugs/Failure-to-Form_Native_Entanglements_slug/Simulations_of_Native_Entanglement_Misfolding/Coarse_Graining_Model/Q46856_1OJ7_D/round_1/setup/Q46856_1OJ7_D_rebuilt_clean_ca.cor to ../../../../git_slugs/Failure-to-Form_Native_Entanglements_slug/Simulations_of_Native_Entanglement_Misfolding/Temp_Quench_Dynamics/Q46856_1OJ7_D/setup/
Copied ../../../../git_slugs/Failure-to-Form_Native_Entanglements_slug/Simulations_of_Native_Entanglement_Misfolding/Coarse_Graining_Model/Q46856_1OJ7_D/round_1/setup/Q46856_1OJ7_D_rebuilt_clean_ca.psf to ../../../../git_slugs/Failure-to-Form_Native_Entanglements_slug/Simulations_of_Native_Entanglement_Misfolding/Temp_Quench_Dynamics/Q46856_1OJ7_D/setup/
Copied ../../../../git_slugs/Failure-to-Form_Native_Entanglements_slug/Simulations_of_Native_Entanglement_Misfolding/Coarse_Graining_Model/Q46856_1OJ7_D/round_1/setup/Q46856_1OJ7_D_rebuilt_clean_ca.top to ../../../../git_slugs/Failure-to-Form_Native_Entanglements_slug/Simulations_of_Native_Entanglement_Misfolding/Temp_Quench_Dynamics/Q46856_1OJ7_D/setup/
Copied ../../../../git_slugs/Failure-to-Form_Native_Entanglements_slug/Simulations_of_Native_Entanglement_Misfolding/Coarse_Graining_Model/Q46856_1OJ7_D/round_1/setup/Q46856_1OJ7_D_rebuilt_clean_nscal1_fnn1_go_bt.prm to ../../../../git_slugs/Failure-to-Form_Native_Entanglements_slug/Simulations_of_Native_Entanglement_Misfolding/Temp_Quench_Dynamics/Q46856_1OJ7_D/setup/
Copied ../../../../git_slugs/Failure-to-Form_Native_Entanglements_slug/Simulations_of_Native_Entanglement_Misfolding/Coarse_Graining_Model/Q46856_1OJ7_D/round_1/setup/Q46856_1OJ7_D_rebuilt_clean_nscal1_fnn1_go_bt.xml to ../../../../git_slugs/Failure-to-Form_Native_Entanglements_slug/Simulations_of_Native_Entanglement_Misfolding/Temp_Quench_Dynamics/Q46856_1OJ7_D/setup/
Copied ../../../../git_slugs/Failure-to-Form_Native_Entanglements_slug/Simulations_of_Native_Entanglement_Misfolding/Coarse_Graining_Model/Q46856_1OJ7_D/setup/secondary_struc_defs.txt to ../../../../git_slugs/Failure-to-Form_Native_Entanglements_slug/Simulations_of_Native_Entanglement_Misfolding/Temp_Quench_Dynamics/Q46856_1OJ7_D/setup/
26 Q46856 1OJ7 D Finished: True  Domain 1: nscal = 1.1556
 Domain 2: nscal = 1.1954
 Interface 1|2: nscal = 1.2747
    index    gene   pdb chain  Length                                       DomDef  status                                                                                                                                                                          nscales
0       0  P0A6B4  4WR3     A     359                      1:9 218:359 b\n10:217 c    True                                                                                              Domain 1: nscal = 1.4732\n Domain 2: nscal = 1.1556\n Interface 1|2: nscal = 2.5044
1       1  P0A6E6  1AQT     A     139                             1:90 b\n91:139 a    True                                                                                              Domain 1: nscal = 1.8120\n Domain 2: nscal = 1.4704\n Interface 1|2: nscal = 1.8611
2       2  P0A6I0  1KDO     A     227                                      1:227 c    True                                                                                                                                                         Domain 1: nscal = 1.1556
3       3  P0A6L2  1DHP     A     292                                      1:292 c    True                                                                                                                                                         Domain 1: nscal = 1.1556
4       4  P0A6T9  3A7L     A     129                                      1:129 b    True                                                                                                                                                         Domain 1: nscal = 1.8120
5       5  P0A763  2HUR     C     143                                      1:143 c    True                                                                                                                                                         Domain 1: nscal = 1.1556
6       6  P0A790  4CRZ     A     126                                      1:126 b    True                                                                                                                                                         Domain 1: nscal = 1.8120
7       7  P0A7J3  6XZ7     H     165                                      1:165 a    True                                                                                                                                                         Domain 1: nscal = 2.0322
8       8  P0A7N9  6XZ7     b      55                                       1:55 b    True                                                                                                                                                         Domain 1: nscal = 2.5044
9       9  P0A8I5  3DXX     A     239                                      1:239 c    True                                                                                                                                                         Domain 1: nscal = 1.1556
10     10  P0AA25  6LUR     D     109                                      1:109 b    True                                                                                                                                                         Domain 1: nscal = 1.4732
11     11  P0ACP7  1QPZ     A     341  1:58 a\n59:160 291:322 c\n161:290 323:341 c    True   Domain 1: nscal = 2.5044\n Domain 2: nscal = 1.4213\n Domain 3: nscal = 1.4213\n Interface 1|2: nscal = 1.2747\n Interface 1|3: nscal = 1.2747\n Interface 2|3: nscal = 1.5679
12     12  P0ADY3  6XZ7     K     123                                      1:123 b    True                                                                                                                                                         Domain 1: nscal = 1.4732
13     13  P0ADZ0  6QUL     U     100                                      1:100 c    True                                                                                                                                                         Domain 1: nscal = 1.9644
14     14  P0AES0  2IO9     B     619                           1:200 c\n201:619 c   False                                                                                                                                                                                 
15     15  P0AG51  6XZ7     Z      59                                       1:59 c    True                                                                                                                                                         Domain 1: nscal = 1.9644
16     16  P21599  6K0K     A     480                                      1:480 c    True                                                                                                                                                         Domain 1: nscal = 1.1556
17     17  P31142  1URH     A     281                           1:149 c\n150:281 c    True                                                                                              Domain 1: nscal = 1.1556\n Domain 2: nscal = 1.1556\n Interface 1|2: nscal = 2.5044
18     18  P37747  1I8T     A     367     1:79 182:239 315:367 c\n80:181 240:314 c    True                                                                                              Domain 1: nscal = 1.1556\n Domain 2: nscal = 1.1556\n Interface 1|2: nscal = 1.8611
19     19  P45748  1HRU     A     190                                      1:190 c    True                                                                                                                                                         Domain 1: nscal = 1.1556
20     20  P60438  6PCR     N     209                                      1:209 b    True                                                                                                                                                         Domain 1: nscal = 2.1508
21     21  P60546  2ANB     A     207                       1:36 97:207 c\n37:96 c    True                                                                                              Domain 1: nscal = 1.4213\n Domain 2: nscal = 1.9644\n Interface 1|2: nscal = 2.1670
22     22  P61175  6XZ7     S     110                                      1:110 c    True                                                                                                                                                         Domain 1: nscal = 1.6871
23     23  P65556  2FKB     A     180                                      1:180 c    True                                                                                                                                                         Domain 1: nscal = 1.4213
24     24  P77214  1ZEQ     X     110                                      1:110 b    True                                                                                                                                                         Domain 1: nscal = 1.8120
25     25  P77754  6BIE     A     161                                      1:161 a    True                                                                                                                                                         Domain 1: nscal = 2.0322
26     26  Q46856  1OJ7     D     387                           1:204 c\n205:387 a    True                                                                                              Domain 1: nscal = 1.1556\n Domain 2: nscal = 1.1954\n Interface 1|2: nscal = 1.2747
SAVED: data/Check.csv
Finished_count: 26
